TN:
SF:src\App.tsx
FN:19,(anonymous_0)
FN:20,(anonymous_1)
FN:21,(anonymous_2)
FN:22,(anonymous_3)
FN:23,(anonymous_4)
FN:24,(anonymous_5)
FN:25,(anonymous_6)
FN:26,(anonymous_7)
FN:27,(anonymous_8)
FN:28,(anonymous_9)
FN:29,(anonymous_10)
FN:30,(anonymous_11)
FN:31,(anonymous_12)
FN:32,(anonymous_13)
FN:33,(anonymous_14)
FN:34,(anonymous_15)
FN:35,(anonymous_16)
FN:36,(anonymous_17)
FN:37,(anonymous_18)
FN:38,(anonymous_19)
FN:39,(anonymous_20)
FN:40,(anonymous_21)
FN:41,(anonymous_22)
FN:44,(anonymous_23)
FN:49,App
FNF:25
FNH:0
FNDA:0,(anonymous_0)
FNDA:0,(anonymous_1)
FNDA:0,(anonymous_2)
FNDA:0,(anonymous_3)
FNDA:0,(anonymous_4)
FNDA:0,(anonymous_5)
FNDA:0,(anonymous_6)
FNDA:0,(anonymous_7)
FNDA:0,(anonymous_8)
FNDA:0,(anonymous_9)
FNDA:0,(anonymous_10)
FNDA:0,(anonymous_11)
FNDA:0,(anonymous_12)
FNDA:0,(anonymous_13)
FNDA:0,(anonymous_14)
FNDA:0,(anonymous_15)
FNDA:0,(anonymous_16)
FNDA:0,(anonymous_17)
FNDA:0,(anonymous_18)
FNDA:0,(anonymous_19)
FNDA:0,(anonymous_20)
FNDA:0,(anonymous_21)
FNDA:0,(anonymous_22)
FNDA:0,(anonymous_23)
FNDA:0,App
DA:12,0
DA:19,0
DA:20,0
DA:21,0
DA:22,0
DA:23,0
DA:24,0
DA:25,0
DA:26,0
DA:27,0
DA:28,0
DA:29,0
DA:30,0
DA:31,0
DA:32,0
DA:33,0
DA:34,0
DA:35,0
DA:36,0
DA:37,0
DA:38,0
DA:39,0
DA:40,0
DA:41,0
DA:44,0
DA:47,0
DA:50,0
LF:27
LH:0
BRF:0
BRH:0
end_of_record
TN:
SF:src\main.tsx
FNF:0
FNH:0
DA:5,0
LF:1
LH:0
BRF:0
BRH:0
end_of_record
TN:
SF:src\components\EmptyState.tsx
FN:23,EmptyState
FN:24,(anonymous_1)
FNF:2
FNH:0
FNDA:0,EmptyState
FNDA:0,(anonymous_1)
DA:24,0
DA:25,0
DA:27,0
DA:29,0
DA:31,0
DA:33,0
DA:35,0
DA:37,0
DA:39,0
DA:41,0
DA:45,0
LF:11
LH:0
BRDA:25,0,0,0
BRDA:25,0,1,0
BRDA:25,0,2,0
BRDA:25,0,3,0
BRDA:25,0,4,0
BRDA:25,0,5,0
BRDA:25,0,6,0
BRDA:25,0,7,0
BRDA:51,1,0,0
BRDA:51,1,1,0
BRDA:56,2,0,0
BRDA:56,2,1,0
BRF:12
BRH:0
end_of_record
TN:
SF:src\components\ErrorBoundary.tsx
FN:15,(anonymous_0)
FN:20,(anonymous_1)
FN:24,(anonymous_2)
FN:32,(anonymous_3)
FN:40,(anonymous_4)
FNF:5
FNH:0
FNDA:0,(anonymous_0)
FNDA:0,(anonymous_1)
FNDA:0,(anonymous_2)
FNDA:0,(anonymous_3)
FNDA:0,(anonymous_4)
DA:16,0
DA:17,0
DA:21,0
DA:25,0
DA:33,0
DA:34,0
DA:40,0
DA:50,0
LF:8
LH:0
BRDA:33,0,0,0
BRDA:33,0,1,0
BRDA:34,1,0,0
BRDA:34,1,1,0
BRF:4
BRH:0
end_of_record
TN:
SF:src\components\PermissionGuard.tsx
FN:32,(anonymous_0)
FN:43,(anonymous_1)
FN:44,(anonymous_2)
FN:84,withPermission
FN:89,(anonymous_4)
FNF:5
FNH:3
FNDA:12,(anonymous_0)
FNDA:6,(anonymous_1)
FNDA:6,(anonymous_2)
FNDA:0,withPermission
FNDA:0,(anonymous_4)
DA:32,1
DA:39,12
DA:40,12
DA:41,12
DA:43,12
DA:44,6
DA:46,6
DA:47,1
DA:48,1
DA:49,1
DA:52,5
DA:55,5
DA:56,1
DA:58,4
DA:61,5
DA:62,5
DA:65,6
DA:69,12
DA:70,6
DA:74,6
DA:89,0
DA:90,0
LF:22
LH:20
BRDA:36,0,0,8
BRDA:37,1,0,8
BRDA:46,2,0,1
BRDA:46,2,1,5
BRDA:55,3,0,1
BRDA:55,3,1,4
BRDA:69,4,0,6
BRDA:69,4,1,6
BRDA:74,5,0,3
BRDA:74,5,1,3
BRF:10
BRH:10
end_of_record
TN:
SF:src\components\date-range-picker.tsx
FN:24,DatePickerWithRange
FNF:1
FNH:0
FNDA:0,DatePickerWithRange
DA:29,0
DA:31,0
LF:2
LH:0
BRDA:40,0,0,0
BRDA:40,0,1,0
BRDA:44,1,0,0
BRDA:44,1,1,0
BRDA:45,2,0,0
BRDA:45,2,1,0
BRF:6
BRH:0
end_of_record
TN:
SF:src\components\analytics\AnalyticsCard.tsx
FN:14,AnalyticsCard
FNF:1
FNH:0
FNDA:0,AnalyticsCard
DA:21,0
DA:23,0
LF:2
LH:0
BRDA:19,0,0,0
BRDA:21,1,0,0
BRDA:21,1,1,0
BRDA:30,2,0,0
BRDA:30,2,1,0
BRDA:37,3,0,0
BRDA:37,3,1,0
BRDA:40,4,0,0
BRDA:40,4,1,0
BRDA:43,5,0,0
BRDA:43,5,1,0
BRDA:50,6,0,0
BRDA:50,6,1,0
BRDA:57,7,0,0
BRDA:57,7,1,0
BRF:15
BRH:0
end_of_record
TN:
SF:src\components\analytics\AnalyticsDashboard.tsx
FN:34,AnalyticsDashboard
FN:53,(anonymous_1)
FN:54,(anonymous_2)
FN:61,(anonymous_3)
FN:72,(anonymous_4)
FN:73,(anonymous_5)
FN:82,(anonymous_6)
FN:83,(anonymous_7)
FN:91,(anonymous_8)
FN:101,(anonymous_9)
FN:106,(anonymous_10)
FN:112,(anonymous_11)
FN:120,(anonymous_12)
FN:124,(anonymous_13)
FN:131,(anonymous_14)
FN:134,(anonymous_15)
FN:138,(anonymous_16)
FN:142,(anonymous_17)
FN:145,(anonymous_18)
FN:174,(anonymous_19)
FN:182,(anonymous_20)
FN:190,(anonymous_21)
FN:204,(anonymous_22)
FN:242,(anonymous_23)
FN:251,(anonymous_24)
FN:267,(anonymous_25)
FN:274,(anonymous_26)
FNF:27
FNH:0
FNDA:0,AnalyticsDashboard
FNDA:0,(anonymous_1)
FNDA:0,(anonymous_2)
FNDA:0,(anonymous_3)
FNDA:0,(anonymous_4)
FNDA:0,(anonymous_5)
FNDA:0,(anonymous_6)
FNDA:0,(anonymous_7)
FNDA:0,(anonymous_8)
FNDA:0,(anonymous_9)
FNDA:0,(anonymous_10)
FNDA:0,(anonymous_11)
FNDA:0,(anonymous_12)
FNDA:0,(anonymous_13)
FNDA:0,(anonymous_14)
FNDA:0,(anonymous_15)
FNDA:0,(anonymous_16)
FNDA:0,(anonymous_17)
FNDA:0,(anonymous_18)
FNDA:0,(anonymous_19)
FNDA:0,(anonymous_20)
FNDA:0,(anonymous_21)
FNDA:0,(anonymous_22)
FNDA:0,(anonymous_23)
FNDA:0,(anonymous_24)
FNDA:0,(anonymous_25)
FNDA:0,(anonymous_26)
DA:39,0
DA:50,0
DA:53,0
DA:54,0
DA:61,0
DA:62,0
DA:72,0
DA:73,0
DA:82,0
DA:83,0
DA:84,0
DA:87,0
DA:90,0
DA:91,0
DA:96,0
DA:101,0
DA:102,0
DA:106,0
DA:107,0
DA:111,0
DA:112,0
DA:120,0
DA:123,0
DA:124,0
DA:131,0
DA:134,0
DA:137,0
DA:138,0
DA:142,0
DA:145,0
DA:148,0
DA:149,0
DA:152,0
DA:153,0
DA:156,0
DA:157,0
DA:159,0
DA:174,0
DA:182,0
DA:190,0
DA:204,0
DA:242,0
DA:251,0
DA:267,0
DA:274,0
LF:45
LH:0
BRDA:84,0,0,0
BRDA:84,0,1,0
BRDA:102,1,0,0
BRDA:102,1,1,0
BRDA:107,2,0,0
BRDA:107,2,1,0
BRDA:117,3,0,0
BRDA:117,3,1,0
BRDA:117,4,0,0
BRDA:117,4,1,0
BRDA:137,5,0,0
BRDA:137,5,1,0
BRDA:139,6,0,0
BRDA:139,6,1,0
BRDA:148,7,0,0
BRDA:148,7,1,0
BRDA:149,8,0,0
BRDA:149,8,1,0
BRDA:153,9,0,0
BRDA:153,9,1,0
BRDA:172,10,0,0
BRDA:172,10,1,0
BRDA:173,11,0,0
BRDA:173,11,1,0
BRF:24
BRH:0
end_of_record
TN:
SF:src\components\analytics\AnalyticsTabs.tsx
FN:17,AnalyticsTabs
FN:24,(anonymous_1)
FN:31,(anonymous_2)
FN:37,(anonymous_3)
FN:46,(anonymous_4)
FNF:5
FNH:0
FNDA:0,AnalyticsTabs
FNDA:0,(anonymous_1)
FNDA:0,(anonymous_2)
FNDA:0,(anonymous_3)
FNDA:0,(anonymous_4)
DA:22,0
DA:24,0
DA:25,0
DA:26,0
DA:27,0
DA:31,0
DA:33,0
DA:38,0
DA:46,0
LF:9
LH:0
BRDA:19,0,0,0
BRDA:26,1,0,0
BRDA:26,1,1,0
BRDA:42,2,0,0
BRDA:42,2,1,0
BRF:5
BRH:0
end_of_record
TN:
SF:src\components\analytics\ChartUtils.ts
FN:26,formatDate
FN:48,getDateRange
FN:80,generateDateRange
FN:101,formatNumber
FN:120,calculatePercentageChange
FN:129,createGradient
FN:137,formatCurrency
FN:145,hexToRgba
FN:154,formatDuration
FNF:9
FNH:0
FNDA:0,formatDate
FNDA:0,getDateRange
FNDA:0,generateDateRange
FNDA:0,formatNumber
FNDA:0,calculatePercentageChange
FNDA:0,createGradient
FNDA:0,formatCurrency
FNDA:0,hexToRgba
FNDA:0,formatDuration
DA:6,0
DA:27,0
DA:29,0
DA:30,0
DA:34,0
DA:35,0
DA:39,0
DA:49,0
DA:50,0
DA:52,0
DA:54,0
DA:56,0
DA:57,0
DA:59,0
DA:60,0
DA:62,0
DA:63,0
DA:65,0
DA:66,0
DA:68,0
DA:69,0
DA:71,0
DA:74,0
DA:76,0
DA:81,0
DA:82,0
DA:85,0
DA:86,0
DA:89,0
DA:90,0
DA:92,0
DA:93,0
DA:94,0
DA:97,0
DA:102,0
DA:104,0
DA:105,0
DA:108,0
DA:109,0
DA:112,0
DA:113,0
DA:116,0
DA:121,0
DA:122,0
DA:125,0
DA:130,0
DA:131,0
DA:132,0
DA:133,0
DA:138,0
DA:146,0
DA:147,0
DA:148,0
DA:150,0
DA:155,0
DA:157,0
DA:158,0
DA:161,0
DA:163,0
DA:164,0
DA:167,0
DA:169,0
DA:170,0
DA:173,0
DA:174,0
LF:65
LH:0
BRDA:26,0,0,0
BRDA:29,1,0,0
BRDA:29,1,1,0
BRDA:34,2,0,0
BRDA:34,2,1,0
BRDA:54,3,0,0
BRDA:54,3,1,0
BRDA:54,3,2,0
BRDA:54,3,3,0
BRDA:54,3,4,0
BRDA:54,3,5,0
BRDA:102,4,0,0
BRDA:102,4,1,0
BRDA:102,5,0,0
BRDA:102,5,1,0
BRDA:104,6,0,0
BRDA:104,6,1,0
BRDA:108,7,0,0
BRDA:108,7,1,0
BRDA:112,8,0,0
BRDA:112,8,1,0
BRDA:121,9,0,0
BRDA:121,9,1,0
BRDA:122,10,0,0
BRDA:122,10,1,0
BRDA:137,11,0,0
BRDA:145,12,0,0
BRDA:157,13,0,0
BRDA:157,13,1,0
BRDA:163,14,0,0
BRDA:163,14,1,0
BRDA:169,15,0,0
BRDA:169,15,1,0
BRF:33
BRH:0
end_of_record
TN:
SF:src\components\analytics\ComparisonCard.tsx
FN:15,ComparisonCard
FN:19,(anonymous_1)
FN:32,(anonymous_2)
FN:37,(anonymous_3)
FN:42,(anonymous_4)
FNF:5
FNH:0
FNDA:0,ComparisonCard
FNDA:0,(anonymous_1)
FNDA:0,(anonymous_2)
FNDA:0,(anonymous_3)
FNDA:0,(anonymous_4)
DA:19,0
DA:24,0
DA:25,0
DA:26,0
DA:30,0
DA:32,0
DA:33,0
DA:34,0
DA:37,0
DA:38,0
DA:39,0
DA:42,0
DA:43,0
DA:44,0
DA:47,0
DA:52,0
LF:16
LH:0
BRDA:19,0,0,0
BRDA:20,1,0,0
BRDA:21,2,0,0
BRDA:30,3,0,0
BRDA:30,3,1,0
BRDA:33,4,0,0
BRDA:33,4,1,0
BRDA:34,5,0,0
BRDA:34,5,1,0
BRDA:38,6,0,0
BRDA:38,6,1,0
BRDA:39,7,0,0
BRDA:39,7,1,0
BRDA:43,8,0,0
BRDA:43,8,1,0
BRDA:47,9,0,0
BRDA:47,9,1,0
BRDA:61,10,0,0
BRDA:61,10,1,0
BRF:19
BRH:0
end_of_record
TN:
SF:src\components\analytics\CustomerEngagementChart.tsx
FN:25,CustomerEngagementChart
FN:30,(anonymous_1)
FN:59,(anonymous_2)
FNF:3
FNH:0
FNDA:0,CustomerEngagementChart
FNDA:0,(anonymous_1)
FNDA:0,(anonymous_2)
DA:30,0
DA:31,0
DA:34,0
DA:59,0
LF:4
LH:0
BRDA:27,0,0,0
BRF:1
BRH:0
end_of_record
TN:
SF:src\components\analytics\IncentivePerformanceChart.tsx
FN:27,IncentivePerformanceChart
FN:62,(anonymous_1)
FN:68,(anonymous_2)
FNF:3
FNH:0
FNDA:0,IncentivePerformanceChart
FNDA:0,(anonymous_1)
FNDA:0,(anonymous_2)
DA:31,0
DA:62,0
DA:69,0
DA:70,0
DA:71,0
DA:72,0
LF:6
LH:0
BRDA:29,0,0,0
BRDA:69,1,0,0
BRDA:69,1,1,0
BRDA:70,2,0,0
BRDA:70,2,1,0
BRDA:71,3,0,0
BRDA:71,3,1,0
BRF:7
BRH:0
end_of_record
TN:
SF:src\components\analytics\MetricSummaryTable.tsx
FN:18,MetricSummaryTable
FN:27,(anonymous_1)
FN:36,(anonymous_2)
FN:39,(anonymous_3)
FN:71,(anonymous_4)
FN:75,(anonymous_5)
FN:91,(anonymous_6)
FN:98,(anonymous_7)
FNF:8
FNH:0
FNDA:0,MetricSummaryTable
FNDA:0,(anonymous_1)
FNDA:0,(anonymous_2)
FNDA:0,(anonymous_3)
FNDA:0,(anonymous_4)
FNDA:0,(anonymous_5)
FNDA:0,(anonymous_6)
FNDA:0,(anonymous_7)
DA:24,0
DA:25,0
DA:27,0
DA:28,0
DA:29,0
DA:31,0
DA:32,0
DA:36,0
DA:37,0
DA:39,0
DA:40,0
DA:41,0
DA:43,0
DA:44,0
DA:49,0
DA:55,0
DA:56,0
DA:63,0
DA:72,0
DA:75,0
DA:92,0
DA:99,0
LF:22
LH:0
BRDA:21,0,0,0
BRDA:22,1,0,0
BRDA:28,2,0,0
BRDA:28,2,1,0
BRDA:29,3,0,0
BRDA:29,3,1,0
BRDA:37,4,0,0
BRDA:37,4,1,0
BRDA:40,5,0,0
BRDA:40,5,1,0
BRDA:41,6,0,0
BRDA:41,6,1,0
BRDA:43,7,0,0
BRDA:43,7,1,0
BRDA:43,8,0,0
BRDA:43,8,1,0
BRDA:44,9,0,0
BRDA:44,9,1,0
BRDA:49,10,0,0
BRDA:49,10,1,0
BRDA:55,11,0,0
BRDA:55,11,1,0
BRDA:75,12,0,0
BRDA:75,12,1,0
BRDA:76,13,0,0
BRDA:76,13,1,0
BRDA:80,14,0,0
BRDA:80,14,1,0
BRDA:80,14,2,0
BRDA:82,15,0,0
BRDA:82,15,1,0
BRF:31
BRH:0
end_of_record
TN:
SF:src\components\analytics\OutletPerformanceChart.tsx
FN:28,OutletPerformanceChart
FN:36,(anonymous_1)
FN:44,(anonymous_2)
FN:84,(anonymous_3)
FNF:4
FNH:0
FNDA:0,OutletPerformanceChart
FNDA:0,(anonymous_1)
FNDA:0,(anonymous_2)
FNDA:0,(anonymous_3)
DA:35,0
DA:37,0
DA:38,0
DA:40,0
DA:44,0
DA:51,0
DA:53,0
DA:85,0
DA:86,0
DA:87,0
LF:10
LH:0
BRDA:30,0,0,0
BRDA:31,1,0,0
BRDA:32,2,0,0
BRDA:37,3,0,0
BRDA:37,3,1,0
BRDA:85,4,0,0
BRDA:85,4,1,0
BRDA:86,5,0,0
BRDA:86,5,1,0
BRF:9
BRH:0
end_of_record
TN:
SF:src\components\analytics\PerformanceLeaderboard.tsx
FN:24,PerformanceLeaderboard
FN:31,(anonymous_1)
FN:32,(anonymous_2)
FN:35,(anonymous_3)
FN:42,(anonymous_4)
FNF:5
FNH:0
FNDA:0,PerformanceLeaderboard
FNDA:0,(anonymous_1)
FNDA:0,(anonymous_2)
FNDA:0,(anonymous_3)
FNDA:0,(anonymous_4)
DA:31,0
DA:32,0
DA:34,0
DA:35,0
DA:37,0
DA:43,0
LF:6
LH:0
BRDA:29,0,0,0
BRDA:30,1,0,0
BRDA:31,2,0,0
BRDA:32,3,0,0
BRDA:47,4,0,0
BRDA:47,4,1,0
BRDA:48,5,0,0
BRDA:48,5,1,0
BRDA:49,6,0,0
BRDA:49,6,1,0
BRDA:58,7,0,0
BRDA:58,7,1,0
BRDA:77,8,0,0
BRDA:77,8,1,0
BRDA:77,8,2,0
BRDA:83,9,0,0
BRDA:83,9,1,0
BRDA:83,9,2,0
BRDA:84,10,0,0
BRDA:84,10,1,0
BRDA:84,11,0,0
BRDA:84,11,1,0
BRDA:85,12,0,0
BRDA:85,12,1,0
BRDA:85,13,0,0
BRDA:85,13,1,0
BRDA:93,14,0,0
BRDA:93,14,1,0
BRF:28
BRH:0
end_of_record
TN:
SF:src\components\analytics\RatingBarChart.tsx
FN:19,RatingBarChart
FN:21,(anonymous_1)
FN:28,getRatingColor
FN:69,(anonymous_3)
FNF:4
FNH:0
FNDA:0,RatingBarChart
FNDA:0,(anonymous_1)
FNDA:0,getRatingColor
FNDA:0,(anonymous_3)
DA:21,0
DA:29,0
DA:31,0
DA:33,0
DA:35,0
DA:37,0
DA:39,0
DA:41,0
DA:45,0
DA:69,0
LF:10
LH:0
BRDA:19,0,0,0
BRDA:22,1,0,0
BRDA:22,1,1,0
BRDA:29,2,0,0
BRDA:29,2,1,0
BRDA:29,2,2,0
BRDA:29,2,3,0
BRDA:29,2,4,0
BRDA:29,2,5,0
BRF:9
BRH:0
end_of_record
TN:
SF:src\components\analytics\ReviewsLineChart.tsx
FN:21,ReviewsLineChart
FN:28,(anonymous_1)
FN:32,(anonymous_2)
FN:41,(anonymous_3)
FN:60,(anonymous_4)
FN:64,(anonymous_5)
FN:70,(anonymous_6)
FN:100,(anonymous_7)
FNF:8
FNH:0
FNDA:0,ReviewsLineChart
FNDA:0,(anonymous_1)
FNDA:0,(anonymous_2)
FNDA:0,(anonymous_3)
FNDA:0,(anonymous_4)
FNDA:0,(anonymous_5)
FNDA:0,(anonymous_6)
FNDA:0,(anonymous_7)
DA:28,0
DA:29,0
DA:32,0
DA:33,0
DA:40,0
DA:41,0
DA:42,0
DA:43,0
DA:44,0
DA:49,0
DA:59,0
DA:60,0
DA:64,0
DA:65,0
DA:66,0
DA:70,0
DA:71,0
DA:74,0
DA:100,0
LF:19
LH:0
BRDA:24,0,0,0
BRDA:25,1,0,0
BRDA:40,2,0,0
BRDA:40,2,1,0
BRDA:40,3,0,0
BRDA:40,3,1,0
BRDA:43,4,0,0
BRDA:43,4,1,0
BRDA:65,5,0,0
BRDA:65,5,1,0
BRDA:117,6,0,0
BRDA:117,6,1,0
BRF:12
BRH:0
end_of_record
TN:
SF:src\components\analytics\SentimentAnalysisChart.tsx
FN:21,SentimentAnalysisChart
FN:34,(anonymous_1)
FN:81,(anonymous_2)
FN:86,(anonymous_3)
FNF:4
FNH:0
FNDA:0,SentimentAnalysisChart
FNDA:0,(anonymous_1)
FNDA:0,(anonymous_2)
FNDA:0,(anonymous_3)
DA:25,0
DA:31,0
DA:33,0
DA:34,0
DA:49,0
DA:50,0
DA:51,0
DA:53,0
DA:68,0
DA:82,0
DA:86,0
LF:11
LH:0
BRDA:23,0,0,0
BRDA:53,1,0,0
BRDA:53,1,1,0
BRF:3
BRH:0
end_of_record
TN:
SF:src\components\analytics\TimeRangeSelector.tsx
FN:9,TimeRangeSelector
FN:30,(anonymous_1)
FN:32,(anonymous_2)
FNF:3
FNH:0
FNDA:0,TimeRangeSelector
FNDA:0,(anonymous_1)
FNDA:0,(anonymous_2)
DA:10,0
DA:12,0
DA:20,0
DA:30,0
DA:33,0
LF:5
LH:0
BRF:0
BRH:0
end_of_record
TN:
SF:src\components\auth\MFAVerificationModal.tsx
FN:30,MFAVerificationModal
FN:43,(anonymous_1)
FN:66,(anonymous_2)
FN:89,(anonymous_3)
FN:95,(anonymous_4)
FN:117,(anonymous_5)
FN:136,(anonymous_6)
FN:153,(anonymous_7)
FNF:8
FNH:0
FNDA:0,MFAVerificationModal
FNDA:0,(anonymous_1)
FNDA:0,(anonymous_2)
FNDA:0,(anonymous_3)
FNDA:0,(anonymous_4)
FNDA:0,(anonymous_5)
FNDA:0,(anonymous_6)
FNDA:0,(anonymous_7)
DA:36,0
DA:37,0
DA:38,0
DA:39,0
DA:40,0
DA:41,0
DA:43,0
DA:44,0
DA:45,0
DA:47,0
DA:48,0
DA:49,0
DA:52,0
DA:54,0
DA:55,0
DA:57,0
DA:60,0
DA:62,0
DA:66,0
DA:67,0
DA:68,0
DA:70,0
DA:71,0
DA:72,0
DA:75,0
DA:77,0
DA:78,0
DA:80,0
DA:83,0
DA:85,0
DA:89,0
DA:90,0
DA:91,0
DA:92,0
DA:95,0
DA:96,0
DA:97,0
DA:100,0
DA:117,0
DA:136,0
DA:153,0
LF:41
LH:0
BRDA:48,0,0,0
BRDA:48,0,1,0
BRDA:54,1,0,0
BRDA:54,1,1,0
BRDA:60,2,0,0
BRDA:60,2,1,0
BRDA:71,3,0,0
BRDA:71,3,1,0
BRDA:77,4,0,0
BRDA:77,4,1,0
BRDA:83,5,0,0
BRDA:83,5,1,0
BRDA:110,6,0,0
BRDA:110,6,1,0
BRDA:169,7,0,0
BRDA:169,7,1,0
BRDA:172,8,0,0
BRDA:172,8,1,0
BRF:18
BRH:0
end_of_record
TN:
SF:src\components\auth\ProtectedRoute.tsx
FN:12,ProtectedRoute
FN:20,(anonymous_1)
FN:22,(anonymous_2)
FN:26,(anonymous_3)
FN:48,(anonymous_4)
FNF:5
FNH:0
FNDA:0,ProtectedRoute
FNDA:0,(anonymous_1)
FNDA:0,(anonymous_2)
FNDA:0,(anonymous_3)
FNDA:0,(anonymous_4)
DA:16,0
DA:17,0
DA:18,0
DA:20,0
DA:22,0
DA:23,0
DA:26,0
DA:30,0
DA:31,0
DA:39,0
DA:40,0
DA:44,0
DA:48,0
DA:49,0
DA:50,0
DA:52,0
DA:53,0
DA:55,0
DA:56,0
DA:58,0
DA:59,0
DA:61,0
DA:62,0
DA:64,0
DA:68,0
DA:69,0
DA:75,0
DA:78,0
LF:28
LH:0
BRDA:14,0,0,0
BRDA:30,1,0,0
BRDA:30,1,1,0
BRDA:30,2,0,0
BRDA:30,2,1,0
BRDA:30,2,2,0
BRDA:39,3,0,0
BRDA:39,3,1,0
BRDA:50,4,0,0
BRDA:50,4,1,0
BRDA:50,4,2,0
BRDA:50,4,3,0
BRDA:50,4,4,0
BRDA:52,5,0,0
BRDA:52,5,1,0
BRDA:55,6,0,0
BRDA:55,6,1,0
BRDA:58,7,0,0
BRDA:58,7,1,0
BRDA:68,8,0,0
BRDA:68,8,1,0
BRF:21
BRH:0
end_of_record
TN:
SF:src\components\auth\RecoveryCodesDisplay.tsx
FN:10,RecoveryCodesDisplay
FN:14,(anonymous_1)
FN:18,(anonymous_2)
FN:24,(anonymous_3)
FN:41,(anonymous_4)
FNF:5
FNH:0
FNDA:0,RecoveryCodesDisplay
FNDA:0,(anonymous_1)
FNDA:0,(anonymous_2)
FNDA:0,(anonymous_3)
FNDA:0,(anonymous_4)
DA:11,0
DA:12,0
DA:14,0
DA:15,0
DA:16,0
DA:17,0
DA:18,0
DA:20,0
DA:24,0
DA:25,0
DA:26,0
DA:27,0
DA:28,0
DA:29,0
DA:30,0
DA:31,0
DA:32,0
DA:33,0
DA:34,0
DA:37,0
DA:42,0
LF:21
LH:0
BRDA:59,0,0,0
BRDA:59,0,1,0
BRF:2
BRH:0
end_of_record
TN:
SF:src\components\campaigns\CampaignABTests.tsx
FN:84,CampaignABTests
FN:111,(anonymous_1)
FN:115,(anonymous_2)
FN:134,(anonymous_3)
FN:176,(anonymous_4)
FN:192,(anonymous_5)
FN:233,(anonymous_6)
FN:251,(anonymous_7)
FN:264,(anonymous_8)
FN:452,(anonymous_9)
FN:465,(anonymous_10)
FN:474,(anonymous_11)
FN:494,(anonymous_12)
FN:505,(anonymous_13)
FN:520,(anonymous_14)
FN:531,(anonymous_15)
FN:542,(anonymous_16)
FN:554,(anonymous_17)
FN:576,(anonymous_18)
FN:582,(anonymous_19)
FN:617,(anonymous_20)
FN:626,(anonymous_21)
FN:635,(anonymous_22)
FN:645,(anonymous_23)
FN:667,(anonymous_24)
FN:676,(anonymous_25)
FN:681,(anonymous_26)
FNF:27
FNH:0
FNDA:0,CampaignABTests
FNDA:0,(anonymous_1)
FNDA:0,(anonymous_2)
FNDA:0,(anonymous_3)
FNDA:0,(anonymous_4)
FNDA:0,(anonymous_5)
FNDA:0,(anonymous_6)
FNDA:0,(anonymous_7)
FNDA:0,(anonymous_8)
FNDA:0,(anonymous_9)
FNDA:0,(anonymous_10)
FNDA:0,(anonymous_11)
FNDA:0,(anonymous_12)
FNDA:0,(anonymous_13)
FNDA:0,(anonymous_14)
FNDA:0,(anonymous_15)
FNDA:0,(anonymous_16)
FNDA:0,(anonymous_17)
FNDA:0,(anonymous_18)
FNDA:0,(anonymous_19)
FNDA:0,(anonymous_20)
FNDA:0,(anonymous_21)
FNDA:0,(anonymous_22)
FNDA:0,(anonymous_23)
FNDA:0,(anonymous_24)
FNDA:0,(anonymous_25)
FNDA:0,(anonymous_26)
DA:85,0
DA:86,0
DA:87,0
DA:88,0
DA:89,0
DA:90,0
DA:91,0
DA:92,0
DA:99,0
DA:111,0
DA:112,0
DA:115,0
DA:116,0
DA:117,0
DA:118,0
DA:124,0
DA:125,0
DA:128,0
DA:130,0
DA:134,0
DA:135,0
DA:136,0
DA:138,0
DA:160,0
DA:164,0
DA:166,0
DA:167,0
DA:168,0
DA:169,0
DA:172,0
DA:176,0
DA:177,0
DA:183,0
DA:188,0
DA:189,0
DA:192,0
DA:193,0
DA:194,0
DA:195,0
DA:198,0
DA:199,0
DA:202,0
DA:204,0
DA:205,0
DA:206,0
DA:208,0
DA:209,0
DA:212,0
DA:213,0
DA:218,0
DA:223,0
DA:225,0
DA:226,0
DA:229,0
DA:233,0
DA:234,0
DA:235,0
DA:240,0
DA:242,0
DA:243,0
DA:244,0
DA:247,0
DA:251,0
DA:252,0
DA:254,0
DA:256,0
DA:258,0
DA:260,0
DA:264,0
DA:266,0
DA:267,0
DA:269,0
DA:273,0
DA:278,0
DA:279,0
DA:281,0
DA:282,0
DA:283,0
DA:284,0
DA:285,0
DA:286,0
DA:287,0
DA:291,0
DA:420,0
DA:426,0
DA:453,0
DA:466,0
DA:475,0
DA:495,0
DA:506,0
DA:521,0
DA:532,0
DA:543,0
DA:554,0
DA:576,0
DA:583,0
DA:617,0
DA:626,0
DA:635,0
DA:645,0
DA:667,0
DA:676,0
DA:681,0
LF:103
LH:0
BRDA:124,0,0,0
BRDA:124,0,1,0
BRDA:125,1,0,0
BRDA:125,1,1,0
BRDA:141,2,0,0
BRDA:141,2,1,0
BRDA:164,3,0,0
BRDA:164,3,1,0
BRDA:188,4,0,0
BRDA:188,4,1,0
BRDA:193,5,0,0
BRDA:193,5,1,0
BRDA:198,6,0,0
BRDA:198,6,1,0
BRDA:199,7,0,0
BRDA:199,7,1,0
BRDA:202,8,0,0
BRDA:202,8,1,0
BRDA:202,9,0,0
BRDA:202,9,1,0
BRDA:206,10,0,0
BRDA:206,10,1,0
BRDA:206,11,0,0
BRDA:206,11,1,0
BRDA:223,12,0,0
BRDA:223,12,1,0
BRDA:240,13,0,0
BRDA:240,13,1,0
BRDA:252,14,0,0
BRDA:252,14,1,0
BRDA:252,14,2,0
BRDA:252,14,3,0
BRDA:269,15,0,0
BRDA:269,15,1,0
BRDA:273,16,0,0
BRDA:273,16,1,0
BRDA:281,17,0,0
BRDA:281,17,1,0
BRDA:281,18,0,0
BRDA:281,18,1,0
BRDA:282,19,0,0
BRDA:282,19,1,0
BRDA:285,20,0,0
BRDA:285,20,1,0
BRDA:302,21,0,0
BRDA:302,21,1,0
BRDA:323,22,0,0
BRDA:323,22,1,0
BRDA:343,23,0,0
BRDA:343,23,1,0
BRDA:349,24,0,0
BRDA:349,24,1,0
BRDA:352,25,0,0
BRDA:352,25,1,0
BRDA:364,26,0,0
BRDA:364,26,1,0
BRDA:394,27,0,0
BRDA:394,27,1,0
BRDA:404,28,0,0
BRDA:404,28,1,0
BRDA:407,29,0,0
BRDA:407,29,1,0
BRDA:410,30,0,0
BRDA:410,30,1,0
BRDA:456,31,0,0
BRDA:456,31,1,0
BRDA:483,32,0,0
BRDA:483,32,1,0
BRDA:498,33,0,0
BRDA:498,33,1,0
BRDA:524,34,0,0
BRDA:524,34,1,0
BRDA:558,35,0,0
BRDA:558,35,1,0
BRDA:568,36,0,0
BRDA:568,36,1,0
BRDA:572,37,0,0
BRDA:572,37,1,0
BRDA:589,38,0,0
BRDA:589,38,1,0
BRDA:594,39,0,0
BRDA:594,39,1,0
BRDA:599,40,0,0
BRDA:599,40,1,0
BRDA:611,41,0,0
BRDA:611,41,1,0
BRDA:613,42,0,0
BRDA:613,42,1,0
BRDA:681,43,0,0
BRDA:681,43,1,0
BRF:90
BRH:0
end_of_record
TN:
SF:src\components\campaigns\CampaignComparison.tsx
FN:30,CampaignComparison
FN:35,(anonymous_1)
FN:50,(anonymous_2)
FN:55,(anonymous_3)
FN:90,(anonymous_4)
FN:92,(anonymous_5)
FN:94,(anonymous_6)
FN:96,(anonymous_7)
FN:120,(anonymous_8)
FN:130,(anonymous_9)
FN:140,(anonymous_10)
FN:161,(anonymous_11)
FN:193,(anonymous_12)
FN:230,getCampaignStatus
FNF:14
FNH:0
FNDA:0,CampaignComparison
FNDA:0,(anonymous_1)
FNDA:0,(anonymous_2)
FNDA:0,(anonymous_3)
FNDA:0,(anonymous_4)
FNDA:0,(anonymous_5)
FNDA:0,(anonymous_6)
FNDA:0,(anonymous_7)
FNDA:0,(anonymous_8)
FNDA:0,(anonymous_9)
FNDA:0,(anonymous_10)
FNDA:0,(anonymous_11)
FNDA:0,(anonymous_12)
FNDA:0,getCampaignStatus
DA:31,0
DA:32,0
DA:35,0
DA:36,0
DA:42,0
DA:50,0
DA:51,0
DA:52,0
DA:55,0
DA:56,0
DA:58,0
DA:67,0
DA:76,0
DA:86,0
DA:90,0
DA:91,0
DA:92,0
DA:93,0
DA:94,0
DA:95,0
DA:96,0
DA:98,0
DA:101,0
DA:120,0
DA:130,0
DA:140,0
DA:162,0
DA:163,0
DA:165,0
DA:194,0
DA:200,0
DA:202,0
DA:231,0
DA:232,0
DA:233,0
DA:235,0
DA:236,0
DA:239,0
DA:240,0
DA:243,0
DA:244,0
DA:247,0
LF:42
LH:0
BRDA:36,0,0,0
BRDA:36,0,1,0
BRDA:56,1,0,0
BRDA:56,1,1,0
BRDA:56,1,2,0
BRDA:56,1,3,0
BRDA:91,2,0,0
BRDA:91,2,1,0
BRDA:93,3,0,0
BRDA:93,3,1,0
BRDA:95,4,0,0
BRDA:95,4,1,0
BRDA:116,5,0,0
BRDA:116,5,1,0
BRDA:126,6,0,0
BRDA:126,6,1,0
BRDA:136,7,0,0
BRDA:136,7,1,0
BRDA:162,8,0,0
BRDA:162,8,1,0
BRDA:194,9,0,0
BRDA:194,9,1,0
BRDA:233,10,0,0
BRDA:233,10,1,0
BRDA:235,11,0,0
BRDA:235,11,1,0
BRDA:239,12,0,0
BRDA:239,12,1,0
BRDA:243,13,0,0
BRDA:243,13,1,0
BRDA:243,14,0,0
BRDA:243,14,1,0
BRF:32
BRH:0
end_of_record
TN:
SF:src\components\campaigns\CampaignDetail.tsx
FN:28,CampaignDetail
FN:32,(anonymous_1)
FN:52,(anonymous_2)
FN:67,(anonymous_3)
FN:82,(anonymous_4)
FNF:5
FNH:0
FNDA:0,CampaignDetail
FNDA:0,(anonymous_1)
FNDA:0,(anonymous_2)
FNDA:0,(anonymous_3)
FNDA:0,(anonymous_4)
DA:29,0
DA:30,0
DA:32,0
DA:33,0
DA:34,0
DA:35,0
DA:37,0
DA:38,0
DA:41,0
DA:42,0
DA:45,0
DA:46,0
DA:49,0
DA:52,0
DA:53,0
DA:55,0
DA:57,0
DA:59,0
DA:61,0
DA:63,0
DA:67,0
DA:68,0
DA:70,0
DA:72,0
DA:74,0
DA:76,0
DA:78,0
DA:82,0
DA:83,0
DA:86,0
DA:87,0
DA:88,0
DA:90,0
LF:33
LH:0
BRDA:35,0,0,0
BRDA:35,0,1,0
BRDA:37,1,0,0
BRDA:37,1,1,0
BRDA:41,2,0,0
BRDA:41,2,1,0
BRDA:45,3,0,0
BRDA:45,3,1,0
BRDA:45,4,0,0
BRDA:45,4,1,0
BRDA:53,5,0,0
BRDA:53,5,1,0
BRDA:53,5,2,0
BRDA:53,5,3,0
BRDA:53,5,4,0
BRDA:68,6,0,0
BRDA:68,6,1,0
BRDA:68,6,2,0
BRDA:68,6,3,0
BRDA:68,6,4,0
BRDA:107,7,0,0
BRDA:107,7,1,0
BRDA:131,8,0,0
BRDA:131,8,1,0
BRDA:148,9,0,0
BRDA:148,9,1,0
BRDA:161,10,0,0
BRDA:161,10,1,0
BRDA:177,11,0,0
BRDA:177,11,1,0
BRDA:189,12,0,0
BRDA:189,12,1,0
BRDA:201,13,0,0
BRDA:201,13,1,0
BRDA:218,14,0,0
BRDA:218,14,1,0
BRDA:222,15,0,0
BRDA:222,15,1,0
BRDA:226,16,0,0
BRDA:226,16,1,0
BRDA:233,17,0,0
BRDA:233,17,1,0
BRDA:233,17,2,0
BRDA:246,18,0,0
BRDA:246,18,1,0
BRDA:246,18,2,0
BRF:46
BRH:0
end_of_record
TN:
SF:src\components\campaigns\CampaignList.tsx
FN:44,CampaignList
FN:57,(anonymous_1)
FN:77,(anonymous_2)
FN:92,(anonymous_3)
FN:102,(anonymous_4)
FN:106,(anonymous_5)
FN:148,(anonymous_6)
FN:167,(anonymous_7)
FN:170,(anonymous_8)
FN:173,(anonymous_9)
FN:176,(anonymous_10)
FN:179,(anonymous_11)
FN:206,(anonymous_12)
FN:218,(anonymous_13)
FN:219,(anonymous_14)
FN:225,(anonymous_15)
FN:229,(anonymous_16)
FN:234,(anonymous_17)
FN:242,(anonymous_18)
FN:250,(anonymous_19)
FN:256,(anonymous_20)
FN:262,(anonymous_21)
FN:271,(anonymous_22)
FN:282,(anonymous_23)
FN:293,(anonymous_24)
FN:313,(anonymous_25)
FNF:26
FNH:0
FNDA:0,CampaignList
FNDA:0,(anonymous_1)
FNDA:0,(anonymous_2)
FNDA:0,(anonymous_3)
FNDA:0,(anonymous_4)
FNDA:0,(anonymous_5)
FNDA:0,(anonymous_6)
FNDA:0,(anonymous_7)
FNDA:0,(anonymous_8)
FNDA:0,(anonymous_9)
FNDA:0,(anonymous_10)
FNDA:0,(anonymous_11)
FNDA:0,(anonymous_12)
FNDA:0,(anonymous_13)
FNDA:0,(anonymous_14)
FNDA:0,(anonymous_15)
FNDA:0,(anonymous_16)
FNDA:0,(anonymous_17)
FNDA:0,(anonymous_18)
FNDA:0,(anonymous_19)
FNDA:0,(anonymous_20)
FNDA:0,(anonymous_21)
FNDA:0,(anonymous_22)
FNDA:0,(anonymous_23)
FNDA:0,(anonymous_24)
FNDA:0,(anonymous_25)
DA:51,0
DA:52,0
DA:53,0
DA:54,0
DA:55,0
DA:57,0
DA:58,0
DA:59,0
DA:60,0
DA:62,0
DA:63,0
DA:66,0
DA:67,0
DA:70,0
DA:71,0
DA:74,0
DA:77,0
DA:78,0
DA:80,0
DA:82,0
DA:84,0
DA:86,0
DA:88,0
DA:92,0
DA:93,0
DA:96,0
DA:97,0
DA:99,0
DA:102,0
DA:103,0
DA:106,0
DA:107,0
DA:108,0
DA:110,0
DA:115,0
DA:118,0
DA:123,0
DA:125,0
DA:128,0
DA:129,0
DA:133,0
DA:136,0
DA:141,0
DA:148,0
DA:167,0
DA:170,0
DA:173,0
DA:176,0
DA:179,0
DA:207,0
DA:208,0
DA:210,0
DA:218,0
DA:219,0
DA:225,0
DA:229,0
DA:234,0
DA:242,0
DA:250,0
DA:256,0
DA:262,0
DA:272,0
DA:273,0
DA:283,0
DA:284,0
DA:294,0
DA:295,0
DA:313,0
LF:68
LH:0
BRDA:60,0,0,0
BRDA:60,0,1,0
BRDA:62,1,0,0
BRDA:62,1,1,0
BRDA:66,2,0,0
BRDA:66,2,1,0
BRDA:70,3,0,0
BRDA:70,3,1,0
BRDA:70,4,0,0
BRDA:70,4,1,0
BRDA:78,5,0,0
BRDA:78,5,1,0
BRDA:78,5,2,0
BRDA:78,5,3,0
BRDA:78,5,4,0
BRDA:93,6,0,0
BRDA:93,6,1,0
BRDA:93,6,2,0
BRDA:97,7,0,0
BRDA:97,7,1,0
BRDA:99,8,0,0
BRDA:99,8,1,0
BRDA:107,9,0,0
BRDA:107,9,1,0
BRDA:115,10,0,0
BRDA:115,10,1,0
BRDA:123,11,0,0
BRDA:123,11,1,0
BRDA:128,12,0,0
BRDA:128,12,1,0
BRDA:158,13,0,0
BRDA:158,13,1,0
BRDA:187,14,0,0
BRDA:187,14,1,0
BRDA:236,15,0,0
BRDA:236,15,1,0
BRDA:252,16,0,0
BRDA:252,16,1,0
BRDA:258,17,0,0
BRDA:258,17,1,0
BRF:40
BRH:0
end_of_record
TN:
SF:src\components\campaigns\CampaignReports.tsx
FN:86,CampaignReports
FN:128,(anonymous_1)
FN:132,(anonymous_2)
FN:149,(anonymous_3)
FN:159,(anonymous_4)
FN:165,(anonymous_5)
FN:200,(anonymous_6)
FN:252,(anonymous_7)
FN:270,(anonymous_8)
FN:322,(anonymous_9)
FN:332,(anonymous_10)
FN:359,(anonymous_11)
FN:378,(anonymous_12)
FN:398,(anonymous_13)
FN:428,(anonymous_14)
FN:436,(anonymous_15)
FN:468,(anonymous_16)
FN:481,(anonymous_17)
FN:506,(anonymous_18)
FN:533,(anonymous_19)
FN:540,(anonymous_20)
FN:553,(anonymous_21)
FN:572,(anonymous_22)
FN:589,(anonymous_23)
FN:592,(anonymous_24)
FN:602,(anonymous_25)
FN:605,(anonymous_26)
FN:615,(anonymous_27)
FN:628,(anonymous_28)
FN:634,(anonymous_29)
FN:636,(anonymous_30)
FN:637,(anonymous_31)
FN:660,(anonymous_32)
FN:698,(anonymous_33)
FN:707,(anonymous_34)
FN:716,(anonymous_35)
FN:721,(anonymous_36)
FNF:37
FNH:0
FNDA:0,CampaignReports
FNDA:0,(anonymous_1)
FNDA:0,(anonymous_2)
FNDA:0,(anonymous_3)
FNDA:0,(anonymous_4)
FNDA:0,(anonymous_5)
FNDA:0,(anonymous_6)
FNDA:0,(anonymous_7)
FNDA:0,(anonymous_8)
FNDA:0,(anonymous_9)
FNDA:0,(anonymous_10)
FNDA:0,(anonymous_11)
FNDA:0,(anonymous_12)
FNDA:0,(anonymous_13)
FNDA:0,(anonymous_14)
FNDA:0,(anonymous_15)
FNDA:0,(anonymous_16)
FNDA:0,(anonymous_17)
FNDA:0,(anonymous_18)
FNDA:0,(anonymous_19)
FNDA:0,(anonymous_20)
FNDA:0,(anonymous_21)
FNDA:0,(anonymous_22)
FNDA:0,(anonymous_23)
FNDA:0,(anonymous_24)
FNDA:0,(anonymous_25)
FNDA:0,(anonymous_26)
FNDA:0,(anonymous_27)
FNDA:0,(anonymous_28)
FNDA:0,(anonymous_29)
FNDA:0,(anonymous_30)
FNDA:0,(anonymous_31)
FNDA:0,(anonymous_32)
FNDA:0,(anonymous_33)
FNDA:0,(anonymous_34)
FNDA:0,(anonymous_35)
FNDA:0,(anonymous_36)
DA:87,0
DA:88,0
DA:89,0
DA:90,0
DA:91,0
DA:92,0
DA:93,0
DA:94,0
DA:97,0
DA:100,0
DA:101,0
DA:102,0
DA:110,0
DA:123,0
DA:128,0
DA:129,0
DA:132,0
DA:133,0
DA:134,0
DA:136,0
DA:146,0
DA:148,0
DA:149,0
DA:150,0
DA:153,0
DA:155,0
DA:159,0
DA:160,0
DA:161,0
DA:165,0
DA:173,0
DA:185,0
DA:186,0
DA:187,0
DA:190,0
DA:191,0
DA:192,0
DA:193,0
DA:196,0
DA:200,0
DA:201,0
DA:202,0
DA:203,0
DA:206,0
DA:207,0
DA:208,0
DA:209,0
DA:212,0
DA:222,0
DA:223,0
DA:224,0
DA:228,0
DA:229,0
DA:230,0
DA:231,0
DA:232,0
DA:233,0
DA:234,0
DA:235,0
DA:236,0
DA:237,0
DA:240,0
DA:242,0
DA:246,0
DA:248,0
DA:252,0
DA:253,0
DA:254,0
DA:259,0
DA:261,0
DA:262,0
DA:263,0
DA:266,0
DA:270,0
DA:271,0
DA:273,0
DA:275,0
DA:277,0
DA:279,0
DA:283,0
DA:322,0
DA:332,0
DA:359,0
DA:378,0
DA:399,0
DA:428,0
DA:436,0
DA:469,0
DA:482,0
DA:507,0
DA:533,0
DA:541,0
DA:554,0
DA:572,0
DA:590,0
DA:592,0
DA:603,0
DA:605,0
DA:615,0
DA:628,0
DA:634,0
DA:637,0
DA:638,0
DA:661,0
DA:698,0
DA:707,0
DA:716,0
DA:721,0
LF:108
LH:0
BRDA:146,0,0,0
BRDA:146,0,1,0
BRDA:168,1,0,0
BRDA:168,1,1,0
BRDA:169,2,0,0
BRDA:169,2,1,0
BRDA:185,3,0,0
BRDA:185,3,1,0
BRDA:187,4,0,0
BRDA:187,4,1,0
BRDA:201,5,0,0
BRDA:201,5,1,0
BRDA:201,6,0,0
BRDA:201,6,1,0
BRDA:222,7,0,0
BRDA:222,7,1,0
BRDA:224,8,0,0
BRDA:224,8,1,0
BRDA:228,9,0,0
BRDA:228,9,1,0
BRDA:259,10,0,0
BRDA:259,10,1,0
BRDA:271,11,0,0
BRDA:271,11,1,0
BRDA:271,11,2,0
BRDA:271,11,3,0
BRDA:343,12,0,0
BRDA:343,12,1,0
BRDA:343,12,2,0
BRDA:346,13,0,0
BRDA:346,13,1,0
BRDA:368,14,0,0
BRDA:368,14,1,0
BRDA:372,15,0,0
BRDA:372,15,1,0
BRDA:419,16,0,0
BRDA:419,16,1,0
BRDA:472,17,0,0
BRDA:472,17,1,0
BRDA:497,18,0,0
BRDA:497,18,1,0
BRDA:523,19,0,0
BRDA:523,19,1,0
BRDA:560,20,0,0
BRDA:560,20,1,0
BRDA:567,21,0,0
BRDA:567,21,1,0
BRDA:619,22,0,0
BRDA:619,22,1,0
BRDA:627,23,0,0
BRDA:627,23,1,0
BRDA:634,24,0,0
BRDA:634,24,1,0
BRDA:669,25,0,0
BRDA:669,25,1,0
BRDA:673,26,0,0
BRDA:673,26,1,0
BRDA:679,27,0,0
BRDA:679,27,1,0
BRDA:685,28,0,0
BRDA:685,28,1,0
BRDA:685,28,2,0
BRDA:721,29,0,0
BRDA:721,29,1,0
BRF:64
BRH:0
end_of_record
TN:
SF:src\components\campaigns\CampaignTabs.tsx
FN:16,CampaignTabs
FN:24,(anonymous_1)
FN:27,(anonymous_2)
FNF:3
FNH:0
FNDA:0,CampaignTabs
FNDA:0,(anonymous_1)
FNDA:0,(anonymous_2)
DA:21,0
DA:25,0
DA:27,0
LF:3
LH:0
BRDA:27,0,0,0
BRDA:27,0,1,0
BRDA:31,1,0,0
BRDA:31,1,1,0
BRDA:34,2,0,0
BRDA:34,2,1,0
BRF:6
BRH:0
end_of_record
TN:
SF:src\components\incentives\IncentiveCard.tsx
FN:16,IncentiveCard
FN:18,(anonymous_1)
FN:31,(anonymous_2)
FN:105,(anonymous_3)
FN:109,(anonymous_4)
FN:113,(anonymous_5)
FNF:6
FNH:0
FNDA:0,IncentiveCard
FNDA:0,(anonymous_1)
FNDA:0,(anonymous_2)
FNDA:0,(anonymous_3)
FNDA:0,(anonymous_4)
FNDA:0,(anonymous_5)
DA:18,0
DA:19,0
DA:20,0
DA:21,0
DA:22,0
DA:23,0
DA:24,0
DA:26,0
DA:31,0
DA:32,0
DA:34,0
DA:36,0
DA:38,0
DA:40,0
DA:42,0
DA:44,0
DA:48,0
DA:50,0
DA:105,0
DA:109,0
DA:113,0
LF:21
LH:0
BRDA:19,0,0,0
BRDA:19,0,1,0
BRDA:21,1,0,0
BRDA:21,1,1,0
BRDA:23,2,0,0
BRDA:23,2,1,0
BRDA:23,3,0,0
BRDA:23,3,1,0
BRDA:26,4,0,0
BRDA:26,4,1,0
BRDA:32,5,0,0
BRDA:32,5,1,0
BRDA:32,5,2,0
BRDA:32,5,3,0
BRDA:32,5,4,0
BRDA:32,5,5,0
BRDA:56,6,0,0
BRDA:56,6,1,0
BRDA:58,7,0,0
BRDA:58,7,1,0
BRDA:59,8,0,0
BRDA:59,8,1,0
BRDA:60,9,0,0
BRDA:60,9,1,0
BRDA:71,10,0,0
BRDA:71,10,1,0
BRDA:78,11,0,0
BRDA:78,11,1,0
BRDA:84,12,0,0
BRDA:84,12,1,0
BRDA:90,13,0,0
BRDA:90,13,1,0
BRDA:98,14,0,0
BRDA:98,14,1,0
BRF:34
BRH:0
end_of_record
TN:
SF:src\components\incentives\IncentiveForm.tsx
FN:63,IncentiveForm
FN:86,(anonymous_1)
FN:87,(anonymous_2)
FN:92,(anonymous_3)
FN:96,handleSubmit
FN:106,(anonymous_5)
FN:123,(anonymous_6)
FN:146,(anonymous_7)
FN:150,(anonymous_8)
FN:180,(anonymous_9)
FN:189,(anonymous_10)
FN:211,(anonymous_11)
FN:228,(anonymous_12)
FN:255,(anonymous_13)
FN:273,(anonymous_14)
FN:284,(anonymous_15)
FN:301,(anonymous_16)
FN:311,(anonymous_17)
FN:328,(anonymous_18)
FN:338,(anonymous_19)
FN:356,(anonymous_20)
FN:378,(anonymous_21)
FNF:22
FNH:0
FNDA:0,IncentiveForm
FNDA:0,(anonymous_1)
FNDA:0,(anonymous_2)
FNDA:0,(anonymous_3)
FNDA:0,handleSubmit
FNDA:0,(anonymous_5)
FNDA:0,(anonymous_6)
FNDA:0,(anonymous_7)
FNDA:0,(anonymous_8)
FNDA:0,(anonymous_9)
FNDA:0,(anonymous_10)
FNDA:0,(anonymous_11)
FNDA:0,(anonymous_12)
FNDA:0,(anonymous_13)
FNDA:0,(anonymous_14)
FNDA:0,(anonymous_15)
FNDA:0,(anonymous_16)
FNDA:0,(anonymous_17)
FNDA:0,(anonymous_18)
FNDA:0,(anonymous_19)
FNDA:0,(anonymous_20)
FNDA:0,(anonymous_21)
DA:39,0
DA:65,0
DA:83,0
DA:86,0
DA:87,0
DA:88,0
DA:89,0
DA:92,0
DA:97,0
DA:100,0
DA:107,0
DA:124,0
DA:147,0
DA:151,0
DA:152,0
DA:181,0
DA:190,0
DA:191,0
DA:212,0
DA:229,0
DA:255,0
DA:274,0
DA:285,0
DA:286,0
DA:302,0
DA:312,0
DA:313,0
DA:329,0
DA:339,0
DA:340,0
DA:357,0
DA:379,0
LF:32
LH:0
BRDA:63,0,0,0
BRDA:68,1,0,0
BRDA:68,1,1,0
BRDA:69,2,0,0
BRDA:69,2,1,0
BRDA:70,3,0,0
BRDA:70,3,1,0
BRDA:71,4,0,0
BRDA:71,4,1,0
BRDA:72,5,0,0
BRDA:72,5,1,0
BRDA:73,6,0,0
BRDA:73,6,1,0
BRDA:74,7,0,0
BRDA:74,7,1,0
BRDA:75,8,0,0
BRDA:75,8,1,0
BRDA:76,9,0,0
BRDA:76,9,1,0
BRDA:77,10,0,0
BRDA:77,10,1,0
BRDA:78,11,0,0
BRDA:78,11,1,0
BRDA:83,12,0,0
BRDA:83,12,1,0
BRDA:88,13,0,0
BRDA:88,13,1,0
BRDA:88,14,0,0
BRDA:88,14,1,0
BRDA:131,15,0,0
BRDA:131,15,1,0
BRDA:186,16,0,0
BRDA:186,16,1,0
BRDA:188,17,0,0
BRDA:188,17,1,0
BRDA:190,18,0,0
BRDA:190,18,1,0
BRDA:196,19,0,0
BRDA:196,19,1,0
BRDA:197,20,0,0
BRDA:197,20,1,0
BRDA:198,21,0,0
BRDA:198,21,1,0
BRDA:215,22,0,0
BRDA:215,22,1,0
BRDA:238,23,0,0
BRDA:238,23,1,0
BRDA:241,24,0,0
BRDA:241,24,1,0
BRDA:283,25,0,0
BRDA:283,25,1,0
BRDA:285,26,0,0
BRDA:285,26,1,0
BRDA:310,27,0,0
BRDA:310,27,1,0
BRDA:312,28,0,0
BRDA:312,28,1,0
BRDA:337,29,0,0
BRDA:337,29,1,0
BRDA:339,30,0,0
BRDA:339,30,1,0
BRDA:364,31,0,0
BRDA:364,31,1,0
BRDA:397,32,0,0
BRDA:397,32,1,0
BRDA:397,33,0,0
BRDA:397,33,1,0
BRF:67
BRH:0
end_of_record
TN:
SF:src\components\incentives\IncentiveStats.tsx
FN:28,IncentiveStats
FN:33,(anonymous_1)
FN:34,(anonymous_2)
FN:53,(anonymous_3)
FN:58,(anonymous_4)
FN:59,(anonymous_5)
FN:151,(anonymous_6)
FN:152,(anonymous_7)
FNF:8
FNH:0
FNDA:0,IncentiveStats
FNDA:0,(anonymous_1)
FNDA:0,(anonymous_2)
FNDA:0,(anonymous_3)
FNDA:0,(anonymous_4)
FNDA:0,(anonymous_5)
FNDA:0,(anonymous_6)
FNDA:0,(anonymous_7)
DA:29,0
DA:30,0
DA:31,0
DA:33,0
DA:34,0
DA:35,0
DA:36,0
DA:38,0
DA:39,0
DA:40,0
DA:43,0
DA:45,0
DA:49,0
DA:53,0
DA:54,0
DA:57,0
DA:58,0
DA:59,0
DA:65,0
DA:67,0
DA:68,0
DA:75,0
DA:76,0
DA:84,0
DA:151,0
DA:152,0
LF:26
LH:0
BRDA:54,0,0,0
BRDA:54,0,1,0
BRDA:67,1,0,0
BRDA:67,1,1,0
BRDA:75,2,0,0
BRDA:75,2,1,0
BRDA:92,3,0,0
BRDA:92,3,1,0
BRDA:101,4,0,0
BRDA:101,4,1,0
BRDA:110,5,0,0
BRDA:110,5,1,0
BRDA:119,6,0,0
BRDA:119,6,1,0
BRDA:166,7,0,0
BRDA:166,7,1,0
BRDA:166,7,2,0
BRF:17
BRH:0
end_of_record
TN:
SF:src\components\layout\DashboardLayout.tsx
FN:32,DashboardLayout
FN:131,(anonymous_1)
FN:155,(anonymous_2)
FN:192,(anonymous_3)
FNF:4
FNH:0
FNDA:0,DashboardLayout
FNDA:0,(anonymous_1)
FNDA:0,(anonymous_2)
FNDA:0,(anonymous_3)
DA:37,0
DA:38,0
DA:39,0
DA:42,0
DA:82,0
DA:104,0
DA:105,0
DA:118,0
DA:132,0
DA:156,0
DA:193,0
LF:11
LH:0
BRDA:104,0,0,0
BRDA:104,0,1,0
BRDA:104,1,0,0
BRDA:104,1,1,0
BRDA:136,2,0,0
BRDA:136,2,1,0
BRDA:144,3,0,0
BRDA:144,3,1,0
BRDA:160,4,0,0
BRDA:160,4,1,0
BRDA:168,5,0,0
BRDA:168,5,1,0
BRDA:196,6,0,0
BRDA:196,6,1,0
BRDA:220,7,0,0
BRDA:220,7,1,0
BRDA:220,7,2,0
BRDA:222,8,0,0
BRDA:222,8,1,0
BRDA:223,9,0,0
BRDA:223,9,1,0
BRF:21
BRH:0
end_of_record
TN:
SF:src\components\layout\Header.tsx
FN:27,Header
FN:35,(anonymous_1)
FN:40,(anonymous_2)
FN:49,(anonymous_3)
FN:55,(anonymous_4)
FN:160,(anonymous_5)
FN:163,(anonymous_6)
FNF:7
FNH:0
FNDA:0,Header
FNDA:0,(anonymous_1)
FNDA:0,(anonymous_2)
FNDA:0,(anonymous_3)
FNDA:0,(anonymous_4)
FNDA:0,(anonymous_5)
FNDA:0,(anonymous_6)
DA:28,0
DA:29,0
DA:30,0
DA:32,0
DA:33,0
DA:35,0
DA:36,0
DA:37,0
DA:40,0
DA:41,0
DA:42,0
DA:49,0
DA:50,0
DA:52,0
DA:53,0
DA:55,0
DA:61,0
DA:161,0
DA:163,0
LF:19
LH:0
BRDA:50,0,0,0
BRDA:50,0,1,0
BRDA:52,1,0,0
BRDA:52,1,1,0
BRDA:52,1,2,0
BRDA:74,2,0,0
BRDA:74,2,1,0
BRDA:74,2,2,0
BRDA:164,3,0,0
BRDA:164,3,1,0
BRDA:172,4,0,0
BRDA:172,4,1,0
BRDA:183,5,0,0
BRDA:183,5,1,0
BRDA:186,6,0,0
BRDA:186,6,1,0
BRDA:195,7,0,0
BRDA:195,7,1,0
BRF:18
BRH:0
end_of_record
TN:
SF:src\components\layout\MainLayout.tsx
FN:12,MainLayout
FNF:1
FNH:0
FNDA:0,MainLayout
DA:17,0
DA:19,0
LF:2
LH:0
BRDA:14,0,0,0
BRDA:15,1,0,0
BRDA:21,2,0,0
BRDA:21,2,1,0
BRF:4
BRH:0
end_of_record
TN:
SF:src\components\layout\MainNavbar.tsx
FN:31,MainNavbar
FN:40,(anonymous_1)
FN:41,checkAdminAccess
FN:49,(anonymous_3)
FN:60,(anonymous_4)
FN:97,(anonymous_5)
FN:159,(anonymous_6)
FN:194,(anonymous_7)
FN:204,(anonymous_8)
FN:210,(anonymous_9)
FN:220,(anonymous_10)
FN:229,(anonymous_11)
FNF:12
FNH:0
FNDA:0,MainNavbar
FNDA:0,(anonymous_1)
FNDA:0,checkAdminAccess
FNDA:0,(anonymous_3)
FNDA:0,(anonymous_4)
FNDA:0,(anonymous_5)
FNDA:0,(anonymous_6)
FNDA:0,(anonymous_7)
FNDA:0,(anonymous_8)
FNDA:0,(anonymous_9)
FNDA:0,(anonymous_10)
FNDA:0,(anonymous_11)
DA:32,0
DA:33,0
DA:34,0
DA:35,0
DA:36,0
DA:37,0
DA:40,0
DA:42,0
DA:43,0
DA:44,0
DA:46,0
DA:49,0
DA:50,0
DA:51,0
DA:52,0
DA:53,0
DA:56,0
DA:60,0
DA:61,0
DA:64,0
DA:75,0
DA:81,0
DA:82,0
DA:85,0
DA:98,0
DA:160,0
DA:195,0
DA:204,0
DA:211,0
DA:220,0
DA:230,0
DA:231,0
LF:32
LH:0
BRDA:42,0,0,0
BRDA:42,0,1,0
BRDA:66,1,0,0
BRDA:66,1,1,0
BRDA:81,2,0,0
BRDA:81,2,1,0
BRDA:103,3,0,0
BRDA:103,3,1,0
BRDA:121,4,0,0
BRDA:121,4,1,0
BRDA:130,5,0,0
BRDA:130,5,1,0
BRDA:131,6,0,0
BRDA:131,6,1,0
BRDA:134,7,0,0
BRDA:134,7,1,0
BRDA:134,7,2,0
BRDA:151,8,0,0
BRDA:151,8,1,0
BRDA:200,9,0,0
BRDA:200,9,1,0
BRDA:209,10,0,0
BRDA:209,10,1,0
BRDA:216,11,0,0
BRDA:216,11,1,0
BRDA:225,12,0,0
BRDA:225,12,1,0
BRF:27
BRH:0
end_of_record
TN:
SF:src\components\layout\PageHeader.tsx
FN:9,PageHeader
FNF:1
FNH:0
FNDA:0,PageHeader
DA:10,0
LF:1
LH:0
BRDA:15,0,0,0
BRDA:15,0,1,0
BRDA:19,1,0,0
BRDA:19,1,1,0
BRF:4
BRH:0
end_of_record
TN:
SF:src\components\monitoring\PermissionMonitoringDashboard.tsx
FN:23,(anonymous_0)
FN:39,(anonymous_1)
FN:126,(anonymous_2)
FN:133,(anonymous_3)
FN:153,(anonymous_4)
FN:237,(anonymous_5)
FN:267,(anonymous_6)
FN:268,(anonymous_7)
FN:269,(anonymous_8)
FN:292,(anonymous_9)
FN:293,(anonymous_10)
FN:294,(anonymous_11)
FN:319,(anonymous_12)
FN:320,(anonymous_13)
FN:321,(anonymous_14)
FN:334,(anonymous_15)
FNF:16
FNH:14
FNDA:12,(anonymous_0)
FNDA:6,(anonymous_1)
FNDA:5,(anonymous_2)
FNDA:5,(anonymous_3)
FNDA:0,(anonymous_4)
FNDA:12,(anonymous_5)
FNDA:6,(anonymous_6)
FNDA:12,(anonymous_7)
FNDA:12,(anonymous_8)
FNDA:6,(anonymous_9)
FNDA:12,(anonymous_10)
FNDA:12,(anonymous_11)
FNDA:6,(anonymous_12)
FNDA:12,(anonymous_13)
FNDA:12,(anonymous_14)
FNDA:0,(anonymous_15)
DA:23,1
DA:24,12
DA:25,11
DA:26,11
DA:36,11
DA:39,11
DA:40,6
DA:41,6
DA:43,6
DA:45,6
DA:46,6
DA:48,6
DA:50,6
DA:51,6
DA:53,0
DA:54,0
DA:56,0
DA:57,0
DA:59,0
DA:60,0
DA:71,6
DA:104,6
DA:105,0
DA:109,6
DA:119,0
DA:121,6
DA:126,11
DA:127,5
DA:130,5
DA:133,5
DA:136,11
DA:137,5
DA:144,6
DA:153,0
DA:237,12
DA:268,12
DA:269,12
DA:270,6
DA:273,6
DA:293,12
DA:294,12
DA:296,6
DA:320,12
DA:321,12
DA:323,6
DA:334,0
LF:46
LH:36
BRDA:48,0,0,6
BRDA:48,0,1,0
BRDA:48,0,2,0
BRDA:48,0,3,0
BRDA:104,1,0,0
BRDA:104,1,1,6
BRDA:104,2,0,6
BRDA:104,2,1,6
BRDA:104,2,2,6
BRDA:104,2,3,6
BRDA:104,2,4,6
BRDA:104,2,5,6
BRDA:110,3,0,6
BRDA:110,3,1,0
BRDA:111,4,0,6
BRDA:111,4,1,0
BRDA:112,5,0,6
BRDA:112,5,1,0
BRDA:113,6,0,6
BRDA:113,6,1,0
BRDA:114,7,0,6
BRDA:114,7,1,0
BRDA:115,8,0,6
BRDA:115,8,1,0
BRDA:119,9,0,0
BRDA:119,9,1,0
BRDA:136,10,0,5
BRDA:136,10,1,6
BRDA:136,11,0,11
BRDA:136,11,1,6
BRDA:172,12,0,6
BRDA:172,12,1,0
BRDA:268,13,0,6
BRDA:268,13,1,0
BRDA:268,14,0,12
BRDA:268,14,1,0
BRDA:269,15,0,6
BRDA:269,15,1,0
BRDA:269,16,0,12
BRDA:269,16,1,0
BRDA:270,17,0,6
BRDA:270,17,1,0
BRDA:293,18,0,6
BRDA:293,18,1,0
BRDA:293,19,0,12
BRDA:293,19,1,0
BRDA:294,20,0,6
BRDA:294,20,1,0
BRDA:294,21,0,12
BRDA:294,21,1,0
BRDA:320,22,0,6
BRDA:320,22,1,0
BRDA:320,23,0,12
BRDA:320,23,1,0
BRDA:321,24,0,6
BRDA:321,24,1,0
BRDA:321,25,0,12
BRDA:321,25,1,0
BRF:58
BRH:32
end_of_record
TN:
SF:src\components\monitoring\index.ts
FNF:0
FNH:0
LF:0
LH:0
BRF:0
BRH:0
end_of_record
TN:
SF:src\components\monitoring\metrics\AlertsPanel.tsx
FN:21,(anonymous_0)
FN:27,(anonymous_1)
FN:42,(anonymous_2)
FN:43,(anonymous_3)
FN:56,(anonymous_4)
FN:75,(anonymous_5)
FN:92,(anonymous_6)
FN:126,(anonymous_7)
FNF:8
FNH:4
FNDA:1,(anonymous_0)
FNDA:2,(anonymous_1)
FNDA:0,(anonymous_2)
FNDA:0,(anonymous_3)
FNDA:0,(anonymous_4)
FNDA:2,(anonymous_5)
FNDA:0,(anonymous_6)
FNDA:2,(anonymous_7)
DA:21,1
DA:25,1
DA:27,1
DA:28,2
DA:30,0
DA:32,1
DA:34,1
DA:36,0
DA:38,0
DA:42,1
DA:43,0
DA:45,0
DA:46,0
DA:56,0
DA:60,1
DA:76,2
DA:92,0
DA:126,2
LF:18
LH:10
BRDA:28,0,0,0
BRDA:28,0,1,1
BRDA:28,0,2,1
BRDA:28,0,3,0
BRDA:28,0,4,0
BRDA:69,1,0,0
BRDA:69,1,1,1
BRDA:73,2,0,1
BRDA:73,2,1,0
BRDA:73,3,0,1
BRDA:73,3,1,1
BRDA:88,4,0,1
BRDA:88,4,1,1
BRDA:95,5,0,0
BRDA:95,5,1,1
BRDA:126,6,0,1
BRDA:126,6,1,0
BRF:17
BRH:10
end_of_record
TN:
SF:src\components\monitoring\metrics\CacheMetricsCard.tsx
FN:20,(anonymous_0)
FN:27,(anonymous_1)
FN:28,(anonymous_2)
FN:68,(anonymous_3)
FN:70,(anonymous_4)
FNF:5
FNH:3
FNDA:6,(anonymous_0)
FNDA:12,(anonymous_1)
FNDA:12,(anonymous_2)
FNDA:0,(anonymous_3)
FNDA:0,(anonymous_4)
DA:18,1
DA:20,1
DA:27,12
DA:28,12
DA:29,6
DA:32,6
DA:37,6
DA:68,0
DA:71,0
LF:9
LH:7
BRDA:23,0,0,0
BRDA:24,1,0,6
BRDA:27,2,0,6
BRDA:27,2,1,0
BRDA:28,3,0,6
BRDA:28,3,1,0
BRDA:29,4,0,6
BRDA:29,4,1,0
BRDA:43,5,0,1
BRDA:43,5,1,5
BRDA:56,6,0,5
BRDA:56,6,1,0
BRF:12
BRH:7
end_of_record
TN:
SF:src\components\monitoring\metrics\EdgeFunctionsCard.tsx
FN:22,(anonymous_0)
FN:29,(anonymous_1)
FN:30,(anonymous_2)
FN:34,(anonymous_3)
FN:38,(anonymous_4)
FN:146,(anonymous_5)
FNF:6
FNH:5
FNDA:6,(anonymous_0)
FNDA:12,(anonymous_1)
FNDA:12,(anonymous_2)
FNDA:12,(anonymous_3)
FNDA:12,(anonymous_4)
FNDA:0,(anonymous_5)
DA:22,1
DA:29,12
DA:30,12
DA:31,6
DA:34,12
DA:35,6
DA:38,12
DA:50,6
DA:146,0
LF:9
LH:8
BRDA:25,0,0,0
BRDA:26,1,0,6
BRDA:29,2,0,6
BRDA:29,2,1,0
BRDA:30,3,0,6
BRDA:30,3,1,0
BRDA:31,4,0,6
BRDA:31,4,1,0
BRDA:34,5,0,6
BRDA:34,5,1,0
BRDA:35,6,0,6
BRDA:35,6,1,0
BRDA:56,7,0,1
BRDA:56,7,1,5
BRDA:69,8,0,5
BRDA:69,8,1,0
BRDA:108,9,0,0
BRDA:108,9,1,0
BRDA:164,10,0,6
BRDA:164,10,1,0
BRF:20
BRH:10
end_of_record
TN:
SF:src\components\monitoring\metrics\PermissionChecksCard.tsx
FN:25,(anonymous_0)
FN:32,(anonymous_1)
FN:33,(anonymous_2)
FN:37,(anonymous_3)
FN:45,(anonymous_4)
FN:112,(anonymous_5)
FN:114,(anonymous_6)
FN:138,(anonymous_7)
FNF:8
FNH:5
FNDA:6,(anonymous_0)
FNDA:12,(anonymous_1)
FNDA:12,(anonymous_2)
FNDA:12,(anonymous_3)
FNDA:12,(anonymous_4)
FNDA:0,(anonymous_5)
FNDA:0,(anonymous_6)
FNDA:0,(anonymous_7)
DA:23,1
DA:25,1
DA:32,12
DA:33,12
DA:34,6
DA:35,6
DA:36,6
DA:37,12
DA:39,6
DA:45,12
DA:57,6
DA:112,0
DA:115,0
DA:138,0
LF:14
LH:11
BRDA:28,0,0,0
BRDA:29,1,0,6
BRDA:32,2,0,6
BRDA:32,2,1,0
BRDA:33,3,0,6
BRDA:33,3,1,0
BRDA:35,4,0,6
BRDA:35,4,1,0
BRDA:36,5,0,6
BRDA:36,5,1,0
BRDA:63,6,0,1
BRDA:63,6,1,5
BRDA:76,7,0,5
BRDA:76,7,1,0
BRDA:151,8,0,6
BRDA:151,8,1,0
BRF:16
BRH:9
end_of_record
TN:
SF:src\components\monitoring\metrics\RoleManagementCard.tsx
FN:21,(anonymous_0)
FN:28,(anonymous_1)
FN:29,(anonymous_2)
FN:33,(anonymous_3)
FNF:4
FNH:4
FNDA:6,(anonymous_0)
FNDA:12,(anonymous_1)
FNDA:12,(anonymous_2)
FNDA:12,(anonymous_3)
DA:21,1
DA:28,12
DA:29,12
DA:30,6
DA:33,12
DA:44,6
LF:6
LH:6
BRDA:24,0,0,0
BRDA:25,1,0,6
BRDA:28,2,0,6
BRDA:28,2,1,0
BRDA:29,3,0,6
BRDA:29,3,1,0
BRDA:50,4,0,1
BRDA:50,4,1,5
BRDA:63,5,0,5
BRDA:63,5,1,0
BRDA:97,6,0,0
BRDA:97,6,1,0
BRDA:110,7,0,0
BRDA:110,7,1,0
BRDA:125,8,0,6
BRDA:125,8,1,0
BRF:16
BRH:7
end_of_record
TN:
SF:src\components\monitoring\metrics\SecurityEventsCard.tsx
FN:22,(anonymous_0)
FN:29,(anonymous_1)
FN:32,(anonymous_2)
FNF:3
FNH:3
FNDA:6,(anonymous_0)
FNDA:12,(anonymous_1)
FNDA:12,(anonymous_2)
DA:22,1
DA:29,12
DA:32,12
DA:44,6
DA:46,6
LF:5
LH:5
BRDA:25,0,0,0
BRDA:26,1,0,6
BRDA:29,2,0,6
BRDA:29,2,1,0
BRDA:52,3,0,1
BRDA:52,3,1,5
BRDA:58,4,0,5
BRDA:58,4,1,0
BRDA:65,5,0,5
BRDA:65,5,1,0
BRDA:89,6,0,0
BRDA:89,6,1,0
BRDA:94,7,0,0
BRDA:94,7,1,0
BRDA:97,8,0,0
BRDA:97,8,1,0
BRDA:137,9,0,6
BRDA:137,9,1,0
BRF:18
BRH:7
end_of_record
TN:
SF:src\components\review\AiReviewSuggestions.tsx
FN:18,AiReviewSuggestions
FN:28,(anonymous_1)
FN:73,(anonymous_2)
FN:87,(anonymous_3)
FN:98,(anonymous_4)
FNF:5
FNH:0
FNDA:0,AiReviewSuggestions
FNDA:0,(anonymous_1)
FNDA:0,(anonymous_2)
FNDA:0,(anonymous_3)
FNDA:0,(anonymous_4)
DA:26,0
DA:28,0
DA:29,0
DA:30,0
DA:33,0
DA:34,0
DA:45,0
DA:46,0
DA:49,0
DA:73,0
DA:88,0
DA:98,0
LF:12
LH:0
BRDA:33,0,0,0
BRDA:33,0,1,0
BRDA:45,1,0,0
BRDA:45,1,1,0
BRDA:64,2,0,0
BRDA:64,2,1,0
BRDA:83,3,0,0
BRDA:83,3,1,0
BRDA:83,3,2,0
BRF:9
BRH:0
end_of_record
TN:
SF:src\components\ui\accordion.tsx
FN:12,(anonymous_0)
FN:18,(anonymous_1)
FN:38,(anonymous_2)
FNF:3
FNH:0
FNDA:0,(anonymous_0)
FNDA:0,(anonymous_1)
FNDA:0,(anonymous_2)
DA:7,0
DA:9,0
DA:12,0
DA:13,0
DA:15,0
DA:19,0
DA:33,0
DA:35,0
DA:39,0
DA:48,0
LF:10
LH:0
BRF:0
BRH:0
end_of_record
TN:
SF:src\components\ui\alert-dialog.tsx
FN:16,(anonymous_0)
FN:31,(anonymous_1)
FN:46,(anonymous_2)
FN:51,(anonymous_3)
FN:59,(anonymous_4)
FN:65,(anonymous_5)
FN:73,(anonymous_6)
FN:79,(anonymous_7)
FNF:8
FNH:0
FNDA:0,(anonymous_0)
FNDA:0,(anonymous_1)
FNDA:0,(anonymous_2)
FNDA:0,(anonymous_3)
FNDA:0,(anonymous_4)
FNDA:0,(anonymous_5)
FNDA:0,(anonymous_6)
FNDA:0,(anonymous_7)
DA:7,0
DA:9,0
DA:11,0
DA:13,0
DA:17,0
DA:26,0
DA:28,0
DA:32,0
DA:44,0
DA:46,0
DA:47,0
DA:49,0
DA:51,0
DA:52,0
DA:54,0
DA:56,0
DA:59,0
DA:60,0
DA:62,0
DA:66,0
DA:68,0
DA:70,0
DA:73,0
DA:74,0
DA:76,0
DA:80,0
DA:82,0
LF:27
LH:0
BRF:0
BRH:0
end_of_record
TN:
SF:src\components\ui\alert.tsx
FN:22,(anonymous_0)
FN:26,(anonymous_1)
FN:32,(anonymous_2)
FNF:3
FNH:0
FNDA:0,(anonymous_0)
FNDA:0,(anonymous_1)
FNDA:0,(anonymous_2)
DA:6,1
DA:21,1
DA:22,0
DA:24,1
DA:26,1
DA:27,0
DA:29,1
DA:31,1
DA:32,0
DA:34,1
LF:10
LH:7
BRF:0
BRH:0
end_of_record
TN:
SF:src\components\ui\aspect-ratio.tsx
FNF:0
FNH:0
DA:3,0
LF:1
LH:0
BRF:0
BRH:0
end_of_record
TN:
SF:src\components\ui\avatar.tsx
FN:7,(anonymous_0)
FN:16,(anonymous_1)
FN:24,(anonymous_2)
FNF:3
FNH:0
FNDA:0,(anonymous_0)
FNDA:0,(anonymous_1)
FNDA:0,(anonymous_2)
DA:6,0
DA:8,0
DA:11,0
DA:13,0
DA:17,0
DA:19,0
DA:21,0
DA:25,0
DA:31,0
LF:9
LH:0
BRF:0
BRH:0
end_of_record
TN:
SF:src\components\ui\badge.tsx
FN:25,Badge
FNF:1
FNH:1
FNDA:3,Badge
DA:6,1
DA:26,3
LF:2
LH:2
BRF:0
BRH:0
end_of_record
TN:
SF:src\components\ui\breadcrumb.tsx
FN:12,(anonymous_0)
FN:15,(anonymous_1)
FN:24,(anonymous_2)
FN:34,(anonymous_3)
FN:41,(anonymous_4)
FN:53,(anonymous_5)
FN:60,(anonymous_6)
FNF:7
FNH:0
FNDA:0,(anonymous_0)
FNDA:0,(anonymous_1)
FNDA:0,(anonymous_2)
FNDA:0,(anonymous_3)
FNDA:0,(anonymous_4)
FNDA:0,(anonymous_5)
FNDA:0,(anonymous_6)
DA:7,0
DA:12,0
DA:13,0
DA:15,0
DA:16,0
DA:22,0
DA:24,0
DA:25,0
DA:27,0
DA:29,0
DA:35,0
DA:37,0
DA:39,0
DA:41,0
DA:42,0
DA:51,0
DA:53,0
DA:54,0
DA:58,0
DA:60,0
DA:61,0
DA:66,0
LF:22
LH:0
BRDA:35,0,0,0
BRDA:35,0,1,0
BRDA:55,1,0,0
BRDA:55,1,1,0
BRF:4
BRH:0
end_of_record
TN:
SF:src\components\ui\button.tsx
FN:37,(anonymous_0)
FNF:1
FNH:1
FNDA:7,(anonymous_0)
DA:7,1
DA:37,1
DA:38,7
DA:39,7
DA:41,1
LF:5
LH:5
BRDA:37,0,0,7
BRDA:38,1,0,0
BRDA:38,1,1,7
BRF:3
BRH:2
end_of_record
TN:
SF:src\components\ui\calendar.tsx
FN:10,Calendar
FN:42,(anonymous_1)
FN:43,(anonymous_2)
FNF:3
FNH:0
FNDA:0,Calendar
FNDA:0,(anonymous_1)
FNDA:0,(anonymous_2)
DA:11,0
DA:42,0
DA:43,0
DA:49,0
LF:4
LH:0
BRDA:10,0,0,0
BRF:1
BRH:0
end_of_record
TN:
SF:src\components\ui\card.tsx
FN:5,(anonymous_0)
FN:10,(anonymous_1)
FN:15,(anonymous_2)
FN:21,(anonymous_3)
FN:25,(anonymous_4)
FN:30,(anonymous_5)
FNF:6
FNH:6
FNDA:57,(anonymous_0)
FNDA:55,(anonymous_1)
FNDA:55,(anonymous_2)
FNDA:7,(anonymous_3)
FNDA:55,(anonymous_4)
FNDA:7,(anonymous_5)
DA:5,1
DA:6,57
DA:8,1
DA:10,1
DA:11,55
DA:13,1
DA:15,1
DA:16,55
DA:18,1
DA:20,1
DA:21,7
DA:23,1
DA:25,1
DA:26,55
DA:28,1
DA:30,1
DA:31,7
DA:33,1
LF:18
LH:18
BRF:0
BRH:0
end_of_record
TN:
SF:src\components\ui\carousel.tsx
FN:31,useCarousel
FN:42,(anonymous_1)
FN:53,(anonymous_2)
FN:62,(anonymous_3)
FN:66,(anonymous_4)
FN:71,(anonymous_5)
FN:83,(anonymous_6)
FN:91,(anonymous_7)
FN:100,(anonymous_8)
FN:134,(anonymous_9)
FN:145,(anonymous_10)
FN:161,(anonymous_11)
FN:187,(anonymous_12)
FNF:13
FNH:0
FNDA:0,useCarousel
FNDA:0,(anonymous_1)
FNDA:0,(anonymous_2)
FNDA:0,(anonymous_3)
FNDA:0,(anonymous_4)
FNDA:0,(anonymous_5)
FNDA:0,(anonymous_6)
FNDA:0,(anonymous_7)
FNDA:0,(anonymous_8)
FNDA:0,(anonymous_9)
FNDA:0,(anonymous_10)
FNDA:0,(anonymous_11)
FNDA:0,(anonymous_12)
DA:29,0
DA:32,0
DA:34,0
DA:35,0
DA:38,0
DA:41,0
DA:43,0
DA:50,0
DA:51,0
DA:53,0
DA:54,0
DA:55,0
DA:58,0
DA:59,0
DA:62,0
DA:63,0
DA:66,0
DA:67,0
DA:70,0
DA:72,0
DA:73,0
DA:74,0
DA:75,0
DA:76,0
DA:77,0
DA:83,0
DA:84,0
DA:85,0
DA:88,0
DA:91,0
DA:92,0
DA:93,0
DA:96,0
DA:97,0
DA:98,0
DA:100,0
DA:101,0
DA:105,0
DA:132,0
DA:134,0
DA:135,0
DA:137,0
DA:143,0
DA:145,0
DA:146,0
DA:148,0
DA:158,0
DA:160,0
DA:162,0
DA:164,0
DA:184,0
DA:186,0
DA:188,0
DA:190,0
DA:210,0
LF:55
LH:0
BRDA:34,0,0,0
BRDA:34,0,1,0
BRDA:42,1,0,0
BRDA:46,2,0,0
BRDA:46,2,1,0
BRDA:54,3,0,0
BRDA:54,3,1,0
BRDA:72,4,0,0
BRDA:72,4,1,0
BRDA:75,5,0,0
BRDA:75,5,1,0
BRDA:84,6,0,0
BRDA:84,6,1,0
BRDA:84,7,0,0
BRDA:84,7,1,0
BRDA:92,8,0,0
BRDA:92,8,1,0
BRDA:111,9,0,0
BRDA:111,9,1,0
BRDA:111,10,0,0
BRDA:111,10,1,0
BRDA:139,11,0,0
BRDA:139,11,1,0
BRDA:153,12,0,0
BRDA:153,12,1,0
BRDA:161,13,0,0
BRDA:161,14,0,0
BRDA:171,15,0,0
BRDA:171,15,1,0
BRDA:187,16,0,0
BRDA:187,17,0,0
BRDA:197,18,0,0
BRDA:197,18,1,0
BRF:33
BRH:0
end_of_record
TN:
SF:src\components\ui\chart.tsx
FN:22,useChart
FN:38,(anonymous_1)
FN:61,(anonymous_2)
FN:62,(anonymous_3)
FN:73,(anonymous_4)
FN:76,(anonymous_5)
FN:103,(anonymous_6)
FN:123,(anonymous_7)
FN:160,(anonymous_8)
FN:227,(anonymous_9)
FN:236,(anonymous_10)
FN:262,getPayloadConfigFromPayload
FNF:12
FNH:0
FNDA:0,useChart
FNDA:0,(anonymous_1)
FNDA:0,(anonymous_2)
FNDA:0,(anonymous_3)
FNDA:0,(anonymous_4)
FNDA:0,(anonymous_5)
FNDA:0,(anonymous_6)
FNDA:0,(anonymous_7)
FNDA:0,(anonymous_8)
FNDA:0,(anonymous_9)
FNDA:0,(anonymous_10)
FNDA:0,getPayloadConfigFromPayload
DA:7,0
DA:20,0
DA:23,0
DA:25,0
DA:26,0
DA:29,0
DA:32,0
DA:39,0
DA:40,0
DA:42,0
DA:59,0
DA:61,0
DA:62,0
DA:64,0
DA:65,0
DA:68,0
DA:73,0
DA:77,0
DA:78,0
DA:90,0
DA:92,0
DA:121,0
DA:123,0
DA:124,0
DA:125,0
DA:128,0
DA:129,0
DA:130,0
DA:131,0
DA:133,0
DA:134,0
DA:137,0
DA:138,0
DA:141,0
DA:144,0
DA:145,0
DA:148,0
DA:150,0
DA:161,0
DA:162,0
DA:163,0
DA:165,0
DA:216,0
DA:218,0
DA:220,0
DA:228,0
DA:230,0
DA:231,0
DA:234,0
DA:237,0
DA:238,0
DA:240,0
DA:259,0
DA:263,0
DA:264,0
DA:268,0
DA:270,0
DA:272,0
DA:273,0
DA:274,0
DA:275,0
DA:278,0
LF:62
LH:0
BRDA:25,0,0,0
BRDA:25,0,1,0
BRDA:40,1,0,0
BRDA:40,1,1,0
BRDA:62,2,0,0
BRDA:62,2,1,0
BRDA:64,3,0,0
BRDA:64,3,1,0
BRDA:77,4,0,0
BRDA:77,4,1,0
BRDA:78,5,0,0
BRDA:78,5,1,0
BRDA:108,6,0,0
BRDA:109,7,0,0
BRDA:110,8,0,0
BRDA:124,9,0,0
BRDA:124,9,1,0
BRDA:124,10,0,0
BRDA:124,10,1,0
BRDA:129,11,0,0
BRDA:129,11,1,0
BRDA:129,11,2,0
BRDA:129,11,3,0
BRDA:131,12,0,0
BRDA:131,12,1,0
BRDA:131,13,0,0
BRDA:131,13,1,0
BRDA:131,14,0,0
BRDA:131,14,1,0
BRDA:133,15,0,0
BRDA:133,15,1,0
BRDA:137,16,0,0
BRDA:137,16,1,0
BRDA:144,17,0,0
BRDA:144,17,1,0
BRDA:144,18,0,0
BRDA:144,18,1,0
BRDA:148,19,0,0
BRDA:148,19,1,0
BRDA:158,20,0,0
BRDA:158,20,1,0
BRDA:161,21,0,0
BRDA:161,21,1,0
BRDA:161,21,2,0
BRDA:161,21,3,0
BRDA:163,22,0,0
BRDA:163,22,1,0
BRDA:163,22,2,0
BRDA:170,23,0,0
BRDA:170,23,1,0
BRDA:173,24,0,0
BRDA:173,24,1,0
BRDA:173,25,0,0
BRDA:173,25,1,0
BRDA:173,25,2,0
BRDA:177,26,0,0
BRDA:177,26,1,0
BRDA:180,27,0,0
BRDA:180,27,1,0
BRDA:186,28,0,0
BRDA:186,28,1,0
BRDA:197,29,0,0
BRDA:197,29,1,0
BRDA:199,30,0,0
BRDA:199,30,1,0
BRDA:200,31,0,0
BRDA:200,31,1,0
BRDA:202,32,0,0
BRDA:202,32,1,0
BRDA:227,33,0,0
BRDA:227,34,0,0
BRDA:230,35,0,0
BRDA:230,35,1,0
BRDA:235,36,0,0
BRDA:235,36,1,0
BRDA:237,37,0,0
BRDA:237,37,1,0
BRDA:237,37,2,0
BRDA:242,38,0,0
BRDA:242,38,1,0
BRDA:242,39,0,0
BRDA:242,39,1,0
BRDA:263,40,0,0
BRDA:263,40,1,0
BRDA:263,41,0,0
BRDA:263,41,1,0
BRDA:268,42,0,0
BRDA:268,42,1,0
BRDA:268,43,0,0
BRDA:268,43,1,0
BRDA:268,43,2,0
BRDA:272,44,0,0
BRDA:272,44,1,0
BRDA:272,45,0,0
BRDA:272,45,1,0
BRDA:274,46,0,0
BRDA:274,46,1,0
BRDA:274,47,0,0
BRDA:274,47,1,0
BRDA:274,47,2,0
BRDA:278,48,0,0
BRDA:278,48,1,0
BRF:102
BRH:0
end_of_record
TN:
SF:src\components\ui\checkbox.tsx
FN:10,(anonymous_0)
FNF:1
FNH:0
FNDA:0,(anonymous_0)
DA:7,0
DA:11,0
DA:24,0
LF:3
LH:0
BRF:0
BRH:0
end_of_record
TN:
SF:src\components\ui\collapsible.tsx
FNF:0
FNH:0
DA:3,0
DA:5,0
DA:7,0
LF:3
LH:0
BRF:0
BRH:0
end_of_record
TN:
SF:src\components\ui\command.tsx
FN:10,(anonymous_0)
FN:20,(anonymous_1)
FN:35,(anonymous_2)
FN:54,(anonymous_3)
FN:63,(anonymous_4)
FN:70,(anonymous_5)
FN:86,(anonymous_6)
FN:92,(anonymous_7)
FN:105,(anonymous_8)
FNF:9
FNH:0
FNDA:0,(anonymous_0)
FNDA:0,(anonymous_1)
FNDA:0,(anonymous_2)
FNDA:0,(anonymous_3)
FNDA:0,(anonymous_4)
FNDA:0,(anonymous_5)
FNDA:0,(anonymous_6)
FNDA:0,(anonymous_7)
FNDA:0,(anonymous_8)
DA:9,0
DA:11,0
DA:18,0
DA:20,0
DA:21,0
DA:32,0
DA:36,0
DA:49,0
DA:51,0
DA:55,0
DA:58,0
DA:60,0
DA:63,0
DA:65,0
DA:67,0
DA:71,0
DA:81,0
DA:83,0
DA:86,0
DA:87,0
DA:89,0
DA:93,0
DA:103,0
DA:105,0
DA:106,0
DA:108,0
LF:26
LH:0
BRF:0
BRH:0
end_of_record
TN:
SF:src\components\ui\context-menu.tsx
FN:24,(anonymous_0)
FN:43,(anonymous_1)
FN:58,(anonymous_2)
FN:77,(anonymous_3)
FN:93,(anonymous_4)
FN:116,(anonymous_5)
FN:140,(anonymous_6)
FN:152,(anonymous_7)
FN:157,(anonymous_8)
FNF:9
FNH:0
FNDA:0,(anonymous_0)
FNDA:0,(anonymous_1)
FNDA:0,(anonymous_2)
FNDA:0,(anonymous_3)
FNDA:0,(anonymous_4)
FNDA:0,(anonymous_5)
FNDA:0,(anonymous_6)
FNDA:0,(anonymous_7)
FNDA:0,(anonymous_8)
DA:7,0
DA:9,0
DA:11,0
DA:13,0
DA:15,0
DA:17,0
DA:19,0
DA:25,0
DA:38,0
DA:40,0
DA:44,0
DA:53,0
DA:55,0
DA:59,0
DA:70,0
DA:72,0
DA:78,0
DA:88,0
DA:90,0
DA:94,0
DA:111,0
DA:113,0
DA:117,0
DA:133,0
DA:135,0
DA:141,0
DA:147,0
DA:149,0
DA:153,0
DA:155,0
DA:157,0
DA:158,0
DA:160,0
LF:33
LH:0
BRDA:29,0,0,0
BRDA:29,0,1,0
BRDA:82,1,0,0
BRDA:82,1,1,0
BRDA:143,2,0,0
BRDA:143,2,1,0
BRF:6
BRH:0
end_of_record
TN:
SF:src\components\ui\date-picker.tsx
FN:18,DatePicker
FNF:1
FNH:0
FNDA:0,DatePicker
DA:19,0
DA:21,0
LF:2
LH:0
BRDA:28,0,0,0
BRDA:28,0,1,0
BRDA:33,1,0,0
BRDA:33,1,1,0
BRF:4
BRH:0
end_of_record
TN:
SF:src\components\ui\dialog.tsx
FN:18,(anonymous_0)
FN:33,(anonymous_1)
FN:54,(anonymous_2)
FN:59,(anonymous_3)
FN:67,(anonymous_4)
FN:75,(anonymous_5)
FNF:6
FNH:0
FNDA:0,(anonymous_0)
FNDA:0,(anonymous_1)
FNDA:0,(anonymous_2)
FNDA:0,(anonymous_3)
FNDA:0,(anonymous_4)
FNDA:0,(anonymous_5)
DA:7,0
DA:9,0
DA:11,0
DA:13,0
DA:15,0
DA:19,0
DA:28,0
DA:30,0
DA:34,0
DA:52,0
DA:54,0
DA:55,0
DA:57,0
DA:59,0
DA:60,0
DA:62,0
DA:64,0
DA:68,0
DA:70,0
DA:72,0
DA:76,0
DA:78,0
LF:22
LH:0
BRF:0
BRH:0
end_of_record
TN:
SF:src\components\ui\drawer.tsx
FN:6,(anonymous_0)
FN:20,(anonymous_1)
FN:28,(anonymous_2)
FN:43,(anonymous_3)
FN:48,(anonymous_4)
FN:56,(anonymous_5)
FN:64,(anonymous_6)
FNF:7
FNH:0
FNDA:0,(anonymous_0)
FNDA:0,(anonymous_1)
FNDA:0,(anonymous_2)
FNDA:0,(anonymous_3)
FNDA:0,(anonymous_4)
FNDA:0,(anonymous_5)
FNDA:0,(anonymous_6)
DA:6,0
DA:7,0
DA:9,0
DA:11,0
DA:13,0
DA:15,0
DA:17,0
DA:21,0
DA:23,0
DA:25,0
DA:29,0
DA:41,0
DA:43,0
DA:44,0
DA:46,0
DA:48,0
DA:49,0
DA:51,0
DA:53,0
DA:57,0
DA:59,0
DA:61,0
DA:65,0
DA:67,0
LF:24
LH:0
BRDA:6,0,0,0
BRF:1
BRH:0
end_of_record
TN:
SF:src\components\ui\dropdown-menu.tsx
FN:24,(anonymous_0)
FN:43,(anonymous_1)
FN:58,(anonymous_2)
FN:78,(anonymous_3)
FN:94,(anonymous_4)
FN:117,(anonymous_5)
FN:141,(anonymous_6)
FN:149,(anonymous_7)
FN:154,(anonymous_8)
FNF:9
FNH:0
FNDA:0,(anonymous_0)
FNDA:0,(anonymous_1)
FNDA:0,(anonymous_2)
FNDA:0,(anonymous_3)
FNDA:0,(anonymous_4)
FNDA:0,(anonymous_5)
FNDA:0,(anonymous_6)
FNDA:0,(anonymous_7)
FNDA:0,(anonymous_8)
DA:7,0
DA:9,0
DA:11,0
DA:13,0
DA:15,0
DA:17,0
DA:19,0
DA:25,0
DA:38,0
DA:40,0
DA:44,0
DA:53,0
DA:55,0
DA:59,0
DA:71,0
DA:73,0
DA:79,0
DA:89,0
DA:91,0
DA:95,0
DA:112,0
DA:114,0
DA:118,0
DA:134,0
DA:136,0
DA:142,0
DA:144,0
DA:146,0
DA:150,0
DA:152,0
DA:154,0
DA:155,0
DA:157,0
LF:33
LH:0
BRDA:29,0,0,0
BRDA:29,0,1,0
BRDA:58,1,0,0
BRDA:83,2,0,0
BRDA:83,2,1,0
BRDA:142,3,0,0
BRDA:142,3,1,0
BRF:7
BRH:0
end_of_record
TN:
SF:src\components\ui\form.tsx
FN:20,(anonymous_0)
FN:30,(anonymous_1)
FN:59,(anonymous_2)
FN:73,(anonymous_3)
FN:80,(anonymous_4)
FN:96,(anonymous_5)
FN:105,(anonymous_6)
FNF:7
FNH:0
FNDA:0,(anonymous_0)
FNDA:0,(anonymous_1)
FNDA:0,(anonymous_2)
FNDA:0,(anonymous_3)
FNDA:0,(anonymous_4)
FNDA:0,(anonymous_5)
FNDA:0,(anonymous_6)
DA:9,0
DA:18,0
DA:20,0
DA:23,0
DA:30,0
DA:31,0
DA:32,0
DA:33,0
DA:35,0
DA:37,0
DA:38,0
DA:41,0
DA:43,0
DA:57,0
DA:59,0
DA:60,0
DA:62,0
DA:68,0
DA:70,0
DA:74,0
DA:76,0
DA:78,0
DA:80,0
DA:81,0
DA:83,0
DA:93,0
DA:95,0
DA:97,0
DA:99,0
DA:102,0
DA:104,0
DA:106,0
DA:107,0
DA:109,0
DA:110,0
DA:113,0
DA:120,0
LF:37
LH:0
BRDA:37,0,0,0
BRDA:37,0,1,0
BRDA:76,1,0,0
BRDA:76,1,1,0
BRDA:87,2,0,0
BRDA:87,2,1,0
BRDA:107,3,0,0
BRDA:107,3,1,0
BRDA:109,4,0,0
BRDA:109,4,1,0
BRF:10
BRH:0
end_of_record
TN:
SF:src\components\ui\hover-card.tsx
FN:13,(anonymous_0)
FNF:1
FNH:0
FNDA:0,(anonymous_0)
DA:6,0
DA:8,0
DA:10,0
DA:14,0
DA:25,0
LF:5
LH:0
BRDA:13,0,0,0
BRDA:13,1,0,0
BRF:2
BRH:0
end_of_record
TN:
SF:src\components\ui\input-otp.tsx
FN:8,(anonymous_0)
FN:19,(anonymous_1)
FN:25,(anonymous_2)
FN:51,(anonymous_3)
FNF:4
FNH:0
FNDA:0,(anonymous_0)
FNDA:0,(anonymous_1)
FNDA:0,(anonymous_2)
FNDA:0,(anonymous_3)
DA:7,0
DA:9,0
DA:17,0
DA:19,0
DA:20,0
DA:22,0
DA:24,0
DA:26,0
DA:27,0
DA:29,0
DA:49,0
DA:51,0
DA:52,0
DA:56,0
LF:14
LH:0
BRDA:34,0,0,0
BRDA:34,0,1,0
BRDA:40,1,0,0
BRDA:40,1,1,0
BRF:4
BRH:0
end_of_record
TN:
SF:src\components\ui\input.tsx
FN:5,(anonymous_0)
FNF:1
FNH:0
FNDA:0,(anonymous_0)
DA:5,0
DA:6,0
DA:18,0
LF:3
LH:0
BRF:0
BRH:0
end_of_record
TN:
SF:src\components\ui\label.tsx
FN:12,(anonymous_0)
FNF:1
FNH:0
FNDA:0,(anonymous_0)
DA:7,0
DA:9,0
DA:12,0
DA:13,0
LF:4
LH:0
BRF:0
BRH:0
end_of_record
TN:
SF:src\components\ui\menubar.tsx
FN:20,(anonymous_0)
FN:32,(anonymous_1)
FN:49,(anonymous_2)
FN:68,(anonymous_3)
FN:83,(anonymous_4)
FN:105,(anonymous_5)
FN:121,(anonymous_6)
FN:144,(anonymous_7)
FN:168,(anonymous_8)
FN:176,(anonymous_9)
FN:181,(anonymous_10)
FNF:11
FNH:0
FNDA:0,(anonymous_0)
FNDA:0,(anonymous_1)
FNDA:0,(anonymous_2)
FNDA:0,(anonymous_3)
FNDA:0,(anonymous_4)
FNDA:0,(anonymous_5)
FNDA:0,(anonymous_6)
FNDA:0,(anonymous_7)
FNDA:0,(anonymous_8)
FNDA:0,(anonymous_9)
FNDA:0,(anonymous_10)
DA:7,0
DA:9,0
DA:11,0
DA:13,0
DA:15,0
DA:17,0
DA:21,0
DA:27,0
DA:29,0
DA:33,0
DA:42,0
DA:44,0
DA:50,0
DA:63,0
DA:65,0
DA:69,0
DA:78,0
DA:80,0
DA:84,0
DA:98,0
DA:100,0
DA:106,0
DA:116,0
DA:118,0
DA:122,0
DA:139,0
DA:141,0
DA:145,0
DA:161,0
DA:163,0
DA:169,0
DA:171,0
DA:173,0
DA:177,0
DA:179,0
DA:181,0
DA:182,0
DA:184,0
LF:38
LH:0
BRDA:54,0,0,0
BRDA:54,0,1,0
BRDA:83,1,0,0
BRDA:83,2,0,0
BRDA:83,3,0,0
BRDA:110,4,0,0
BRDA:110,4,1,0
BRDA:169,5,0,0
BRDA:169,5,1,0
BRF:9
BRH:0
end_of_record
TN:
SF:src\components\ui\navigation-menu.tsx
FN:11,(anonymous_0)
FN:26,(anonymous_1)
FN:44,(anonymous_2)
FN:58,(anonymous_3)
FN:75,(anonymous_4)
FN:92,(anonymous_5)
FNF:6
FNH:0
FNDA:0,(anonymous_0)
FNDA:0,(anonymous_1)
FNDA:0,(anonymous_2)
FNDA:0,(anonymous_3)
FNDA:0,(anonymous_4)
FNDA:0,(anonymous_5)
DA:8,0
DA:12,0
DA:21,0
DA:23,0
DA:27,0
DA:33,0
DA:35,0
DA:37,0
DA:41,0
DA:45,0
DA:53,0
DA:55,0
DA:59,0
DA:68,0
DA:70,0
DA:72,0
DA:76,0
DA:87,0
DA:89,0
DA:93,0
DA:104,0
LF:21
LH:0
BRF:0
BRH:0
end_of_record
TN:
SF:src\components\ui\pagination.tsx
FN:7,(anonymous_0)
FN:12,(anonymous_1)
FN:17,(anonymous_2)
FN:27,(anonymous_3)
FN:42,(anonymous_4)
FN:50,(anonymous_5)
FN:58,(anonymous_6)
FNF:7
FNH:0
FNDA:0,(anonymous_0)
FNDA:0,(anonymous_1)
FNDA:0,(anonymous_2)
FNDA:0,(anonymous_3)
FNDA:0,(anonymous_4)
FNDA:0,(anonymous_5)
FNDA:0,(anonymous_6)
DA:7,0
DA:8,0
DA:10,0
DA:12,0
DA:13,0
DA:15,0
DA:17,0
DA:18,0
DA:20,0
DA:27,0
DA:28,0
DA:40,0
DA:42,0
DA:43,0
DA:48,0
DA:50,0
DA:51,0
DA:56,0
DA:58,0
DA:59,0
DA:64,0
LF:21
LH:0
BRDA:27,0,0,0
BRDA:29,1,0,0
BRDA:29,1,1,0
BRDA:32,2,0,0
BRDA:32,2,1,0
BRF:5
BRH:0
end_of_record
TN:
SF:src\components\ui\popover.tsx
FN:13,(anonymous_0)
FNF:1
FNH:0
FNDA:0,(anonymous_0)
DA:6,0
DA:8,0
DA:10,0
DA:14,0
DA:27,0
LF:5
LH:0
BRDA:13,0,0,0
BRDA:13,1,0,0
BRF:2
BRH:0
end_of_record
TN:
SF:src\components\ui\progress.tsx
FN:9,(anonymous_0)
FNF:1
FNH:0
FNDA:0,(anonymous_0)
DA:6,0
DA:10,0
DA:17,0
LF:3
LH:0
BRDA:13,0,0,0
BRDA:13,0,1,0
BRF:2
BRH:0
end_of_record
TN:
SF:src\components\ui\radio-group.tsx
FN:10,(anonymous_0)
FN:18,(anonymous_1)
FNF:2
FNH:0
FNDA:0,(anonymous_0)
FNDA:0,(anonymous_1)
DA:7,0
DA:11,0
DA:13,0
DA:15,0
DA:19,0
DA:34,0
LF:6
LH:0
BRF:0
BRH:0
end_of_record
TN:
SF:src\components\ui\resizable.tsx
FN:6,(anonymous_0)
FN:15,(anonymous_1)
FNF:2
FNH:0
FNDA:0,(anonymous_0)
FNDA:0,(anonymous_1)
DA:6,0
DA:7,0
DA:13,0
DA:15,0
DA:22,0
LF:5
LH:0
BRDA:29,0,0,0
BRDA:29,0,1,0
BRF:2
BRH:0
end_of_record
TN:
SF:src\components\ui\scroll-area.tsx
FN:9,(anonymous_0)
FN:21,(anonymous_1)
FNF:2
FNH:0
FNDA:0,(anonymous_0)
FNDA:0,(anonymous_1)
DA:6,0
DA:10,0
DA:16,0
DA:18,0
DA:22,0
DA:36,0
LF:6
LH:0
BRDA:21,0,0,0
BRDA:27,1,0,0
BRDA:27,1,1,0
BRDA:28,2,0,0
BRDA:28,2,1,0
BRF:5
BRH:0
end_of_record
TN:
SF:src\components\ui\select.tsx
FN:16,(anonymous_0)
FN:36,(anonymous_1)
FN:46,(anonymous_2)
FN:56,(anonymous_3)
FN:87,(anonymous_4)
FN:95,(anonymous_5)
FN:118,(anonymous_6)
FNF:7
FNH:5
FNDA:6,(anonymous_0)
FNDA:6,(anonymous_1)
FNDA:6,(anonymous_2)
FNDA:6,(anonymous_3)
FNDA:0,(anonymous_4)
FNDA:24,(anonymous_5)
FNDA:0,(anonymous_6)
DA:7,1
DA:9,1
DA:11,1
DA:13,1
DA:17,6
DA:31,1
DA:33,1
DA:37,6
DA:41,1
DA:43,1
DA:47,6
DA:51,1
DA:53,1
DA:57,6
DA:82,1
DA:84,1
DA:88,0
DA:90,1
DA:92,1
DA:96,24
DA:113,1
DA:115,1
DA:119,0
DA:121,1
LF:24
LH:22
BRDA:56,0,0,6
BRDA:62,1,0,6
BRDA:62,1,1,6
BRDA:73,2,0,6
BRDA:73,2,1,6
BRF:5
BRH:5
end_of_record
TN:
SF:src\components\ui\separator.tsx
FN:9,(anonymous_0)
FNF:1
FNH:0
FNDA:0,(anonymous_0)
DA:6,0
DA:10,0
DA:18,0
LF:3
LH:0
BRDA:9,0,0,0
BRDA:9,1,0,0
BRDA:14,2,0,0
BRDA:14,2,1,0
BRF:4
BRH:0
end_of_record
TN:
SF:src\components\ui\sheet.tsx
FN:19,(anonymous_0)
FN:52,(anonymous_1)
FN:67,(anonymous_2)
FN:72,(anonymous_3)
FN:80,(anonymous_4)
FN:88,(anonymous_5)
FNF:6
FNH:0
FNDA:0,(anonymous_0)
FNDA:0,(anonymous_1)
FNDA:0,(anonymous_2)
FNDA:0,(anonymous_3)
FNDA:0,(anonymous_4)
FNDA:0,(anonymous_5)
DA:8,0
DA:10,0
DA:12,0
DA:14,0
DA:16,0
DA:20,0
DA:29,0
DA:31,0
DA:51,0
DA:53,0
DA:65,0
DA:67,0
DA:68,0
DA:70,0
DA:72,0
DA:73,0
DA:75,0
DA:77,0
DA:81,0
DA:83,0
DA:85,0
DA:89,0
DA:91,0
LF:23
LH:0
BRDA:52,0,0,0
BRF:1
BRH:0
end_of_record
TN:
SF:src\components\ui\sidebar.tsx
FN:34,useSidebar
FN:50,(anonymous_1)
FN:59,(anonymous_2)
FN:74,(anonymous_3)
FN:75,(anonymous_4)
FN:75,(anonymous_5)
FN:79,(anonymous_6)
FN:80,(anonymous_7)
FN:88,(anonymous_8)
FN:96,(anonymous_9)
FN:138,(anonymous_10)
FN:216,(anonymous_11)
FN:226,(anonymous_12)
FN:240,(anonymous_13)
FN:266,(anonymous_14)
FN:282,(anonymous_15)
FN:295,(anonymous_16)
FN:300,(anonymous_17)
FN:306,(anonymous_18)
FN:312,(anonymous_19)
FN:324,(anonymous_20)
FN:330,(anonymous_21)
FN:350,(anonymous_22)
FN:371,(anonymous_23)
FN:376,(anonymous_24)
FN:381,(anonymous_25)
FN:415,(anonymous_26)
FN:455,(anonymous_27)
FN:480,(anonymous_28)
FN:503,(anonymous_29)
FN:505,(anonymous_30)
FN:526,(anonymous_31)
FN:540,(anonymous_32)
FN:550,(anonymous_33)
FNF:34
FNH:0
FNDA:0,useSidebar
FNDA:0,(anonymous_1)
FNDA:0,(anonymous_2)
FNDA:0,(anonymous_3)
FNDA:0,(anonymous_4)
FNDA:0,(anonymous_5)
FNDA:0,(anonymous_6)
FNDA:0,(anonymous_7)
FNDA:0,(anonymous_8)
FNDA:0,(anonymous_9)
FNDA:0,(anonymous_10)
FNDA:0,(anonymous_11)
FNDA:0,(anonymous_12)
FNDA:0,(anonymous_13)
FNDA:0,(anonymous_14)
FNDA:0,(anonymous_15)
FNDA:0,(anonymous_16)
FNDA:0,(anonymous_17)
FNDA:0,(anonymous_18)
FNDA:0,(anonymous_19)
FNDA:0,(anonymous_20)
FNDA:0,(anonymous_21)
FNDA:0,(anonymous_22)
FNDA:0,(anonymous_23)
FNDA:0,(anonymous_24)
FNDA:0,(anonymous_25)
FNDA:0,(anonymous_26)
FNDA:0,(anonymous_27)
FNDA:0,(anonymous_28)
FNDA:0,(anonymous_29)
FNDA:0,(anonymous_30)
FNDA:0,(anonymous_31)
FNDA:0,(anonymous_32)
FNDA:0,(anonymous_33)
DA:15,0
DA:16,0
DA:17,0
DA:18,0
DA:19,0
DA:20,0
DA:32,0
DA:35,0
DA:36,0
DA:37,0
DA:40,0
DA:43,0
DA:51,0
DA:52,0
DA:56,0
DA:57,0
DA:58,0
DA:60,0
DA:61,0
DA:62,0
DA:64,0
DA:68,0
DA:74,0
DA:75,0
DA:79,0
DA:80,0
DA:81,0
DA:82,0
DA:83,0
DA:87,0
DA:88,0
DA:93,0
DA:95,0
DA:96,0
DA:108,0
DA:129,0
DA:131,0
DA:139,0
DA:141,0
DA:142,0
DA:149,0
DA:150,0
DA:169,0
DA:213,0
DA:215,0
DA:217,0
DA:219,0
DA:227,0
DA:228,0
DA:238,0
DA:240,0
DA:241,0
DA:243,0
DA:264,0
DA:266,0
DA:267,0
DA:279,0
DA:281,0
DA:283,0
DA:293,0
DA:295,0
DA:296,0
DA:298,0
DA:300,0
DA:301,0
DA:303,0
DA:305,0
DA:307,0
DA:310,0
DA:312,0
DA:313,0
DA:322,0
DA:324,0
DA:325,0
DA:327,0
DA:329,0
DA:331,0
DA:333,0
DA:347,0
DA:349,0
DA:351,0
DA:353,0
DA:369,0
DA:371,0
DA:372,0
DA:374,0
DA:376,0
DA:377,0
DA:379,0
DA:381,0
DA:382,0
DA:384,0
DA:386,0
DA:408,0
DA:416,0
DA:417,0
DA:420,0
DA:430,0
DA:431,0
DA:434,0
DA:435,0
DA:440,0
DA:447,0
DA:449,0
DA:456,0
DA:458,0
DA:478,0
DA:480,0
DA:481,0
DA:496,0
DA:498,0
DA:505,0
DA:506,0
DA:509,0
DA:524,0
DA:526,0
DA:527,0
DA:538,0
DA:540,0
DA:541,0
DA:543,0
DA:551,0
DA:553,0
DA:571,0
LF:124
LH:0
BRDA:36,0,0,0
BRDA:36,0,1,0
BRDA:50,1,0,0
BRDA:57,2,0,0
BRDA:57,2,1,0
BRDA:60,3,0,0
BRDA:60,3,1,0
BRDA:61,4,0,0
BRDA:61,4,1,0
BRDA:75,5,0,0
BRDA:75,5,1,0
BRDA:81,6,0,0
BRDA:81,6,1,0
BRDA:81,7,0,0
BRDA:81,7,1,0
BRDA:81,7,2,0
BRDA:93,8,0,0
BRDA:93,8,1,0
BRDA:138,9,0,0
BRDA:138,10,0,0
BRDA:138,11,0,0
BRDA:141,12,0,0
BRDA:141,12,1,0
BRDA:149,13,0,0
BRDA:149,13,1,0
BRDA:174,14,0,0
BRDA:174,14,1,0
BRDA:184,15,0,0
BRDA:184,15,1,0
BRDA:184,16,0,0
BRDA:184,16,1,0
BRDA:192,17,0,0
BRDA:192,17,1,0
BRDA:196,18,0,0
BRDA:196,18,1,0
BRDA:196,19,0,0
BRDA:196,19,1,0
BRDA:330,20,0,0
BRDA:331,21,0,0
BRDA:331,21,1,0
BRDA:350,22,0,0
BRDA:351,23,0,0
BRDA:351,23,1,0
BRDA:415,24,0,0
BRDA:415,25,0,0
BRDA:415,26,0,0
BRDA:415,27,0,0
BRDA:416,28,0,0
BRDA:416,28,1,0
BRDA:430,29,0,0
BRDA:430,29,1,0
BRDA:434,30,0,0
BRDA:434,30,1,0
BRDA:443,31,0,0
BRDA:443,31,1,0
BRDA:455,32,0,0
BRDA:455,33,0,0
BRDA:456,34,0,0
BRDA:456,34,1,0
BRDA:470,35,0,0
BRDA:470,35,1,0
BRDA:503,36,0,0
BRDA:511,37,0,0
BRDA:511,37,1,0
BRDA:550,38,0,0
BRDA:550,39,0,0
BRDA:551,40,0,0
BRDA:551,40,1,0
BRDA:562,41,0,0
BRDA:562,41,1,0
BRDA:563,42,0,0
BRDA:563,42,1,0
BRF:72
BRH:0
end_of_record
TN:
SF:src\components\ui\skeleton.tsx
FN:3,Skeleton
FNF:1
FNH:0
FNDA:0,Skeleton
DA:4,0
LF:1
LH:0
BRF:0
BRH:0
end_of_record
TN:
SF:src\components\ui\slider.tsx
FN:7,(anonymous_0)
FNF:1
FNH:0
FNDA:0,(anonymous_0)
DA:6,0
DA:8,0
DA:16,0
LF:3
LH:0
BRF:0
BRH:0
end_of_record
TN:
SF:src\components\ui\sonner.tsx
FN:6,(anonymous_0)
FNF:1
FNH:0
FNDA:0,(anonymous_0)
DA:6,0
DA:7,0
DA:9,0
LF:3
LH:0
BRDA:7,0,0,0
BRF:1
BRH:0
end_of_record
TN:
SF:src\components\ui\spinner.tsx
FN:8,Spinner
FNF:1
FNH:0
FNDA:0,Spinner
DA:9,0
LF:1
LH:0
BRDA:8,0,0,0
BRF:1
BRH:0
end_of_record
TN:
SF:src\components\ui\switch.tsx
FN:9,(anonymous_0)
FNF:1
FNH:0
FNDA:0,(anonymous_0)
DA:6,0
DA:10,0
DA:25,0
LF:3
LH:0
BRF:0
BRH:0
end_of_record
TN:
SF:src\components\ui\table.tsx
FN:5,(anonymous_0)
FN:13,(anonymous_1)
FN:18,(anonymous_2)
FN:23,(anonymous_3)
FN:29,(anonymous_4)
FN:34,(anonymous_5)
FN:43,(anonymous_6)
FN:49,(anonymous_7)
FNF:8
FNH:0
FNDA:0,(anonymous_0)
FNDA:0,(anonymous_1)
FNDA:0,(anonymous_2)
FNDA:0,(anonymous_3)
FNDA:0,(anonymous_4)
FNDA:0,(anonymous_5)
FNDA:0,(anonymous_6)
FNDA:0,(anonymous_7)
DA:5,0
DA:6,0
DA:10,0
DA:12,0
DA:13,0
DA:15,0
DA:17,0
DA:18,0
DA:20,0
DA:22,0
DA:24,0
DA:27,0
DA:29,0
DA:30,0
DA:32,0
DA:34,0
DA:35,0
DA:41,0
DA:43,0
DA:44,0
DA:46,0
DA:48,0
DA:49,0
DA:51,0
LF:24
LH:0
BRF:0
BRH:0
end_of_record
TN:
SF:src\components\ui\tabs.tsx
FN:9,(anonymous_0)
FN:22,(anonymous_1)
FN:37,(anonymous_2)
FNF:3
FNH:3
FNDA:6,(anonymous_0)
FNDA:36,(anonymous_1)
FNDA:36,(anonymous_2)
DA:6,1
DA:8,1
DA:10,6
DA:17,1
DA:19,1
DA:23,36
DA:32,1
DA:34,1
DA:38,36
DA:47,1
LF:10
LH:10
BRF:0
BRH:0
end_of_record
TN:
SF:src\components\ui\textarea.tsx
FN:6,(anonymous_0)
FNF:1
FNH:0
FNDA:0,(anonymous_0)
DA:5,0
DA:7,0
DA:19,0
LF:3
LH:0
BRF:0
BRH:0
end_of_record
TN:
SF:src\components\ui\toast.tsx
FN:13,(anonymous_0)
FN:43,(anonymous_1)
FN:51,(anonymous_2)
FN:66,(anonymous_3)
FN:84,(anonymous_4)
FN:90,(anonymous_5)
FNF:6
FNH:0
FNDA:0,(anonymous_0)
FNDA:0,(anonymous_1)
FNDA:0,(anonymous_2)
FNDA:0,(anonymous_3)
FNDA:0,(anonymous_4)
FNDA:0,(anonymous_5)
DA:8,0
DA:10,0
DA:14,0
DA:23,0
DA:25,0
DA:40,0
DA:44,0
DA:46,0
DA:48,0
DA:52,0
DA:61,0
DA:63,0
DA:67,0
DA:79,0
DA:81,0
DA:84,0
DA:85,0
DA:87,0
DA:90,0
DA:91,0
LF:20
LH:0
BRF:0
BRH:0
end_of_record
TN:
SF:src\components\ui\toaster.tsx
FN:4,Toaster
FN:9,(anonymous_1)
FNF:2
FNH:0
FNDA:0,Toaster
FNDA:0,(anonymous_1)
DA:5,0
DA:7,0
DA:10,0
LF:3
LH:0
BRDA:13,0,0,0
BRDA:13,0,1,0
BRDA:14,1,0,0
BRDA:14,1,1,0
BRF:4
BRH:0
end_of_record
TN:
SF:src\components\ui\toggle-group.tsx
FN:16,(anonymous_0)
FN:27,(anonymous_1)
FNF:2
FNH:0
FNDA:0,(anonymous_0)
FNDA:0,(anonymous_1)
DA:8,0
DA:13,0
DA:17,0
DA:22,0
DA:24,0
DA:28,0
DA:30,0
DA:47,0
LF:8
LH:0
BRDA:35,0,0,0
BRDA:35,0,1,0
BRDA:36,1,0,0
BRDA:36,1,1,0
BRF:4
BRH:0
end_of_record
TN:
SF:src\components\ui\toggle.tsx
FN:31,(anonymous_0)
FNF:1
FNH:0
FNDA:0,(anonymous_0)
DA:7,0
DA:28,0
DA:32,0
DA:35,0
LF:4
LH:0
BRF:0
BRH:0
end_of_record
TN:
SF:src\components\ui\tooltip.tsx
FN:15,(anonymous_0)
FNF:1
FNH:0
FNDA:0,(anonymous_0)
DA:6,0
DA:8,0
DA:10,0
DA:12,0
DA:16,0
DA:26,0
LF:6
LH:0
BRDA:15,0,0,0
BRF:1
BRH:0
end_of_record
TN:
SF:src\components\ui\use-toast.ts
FNF:0
FNH:0
LF:0
LH:0
BRF:0
BRH:0
end_of_record
TN:
SF:src\contexts\AuthContext.tsx
FN:24,AuthProvider
FN:34,(anonymous_1)
FN:78,(anonymous_2)
FN:113,(anonymous_3)
FN:118,(anonymous_4)
FN:139,(anonymous_5)
FN:143,(anonymous_6)
FN:156,(anonymous_7)
FN:178,useAuth
FNF:9
FNH:0
FNDA:0,AuthProvider
FNDA:0,(anonymous_1)
FNDA:0,(anonymous_2)
FNDA:0,(anonymous_3)
FNDA:0,(anonymous_4)
FNDA:0,(anonymous_5)
FNDA:0,(anonymous_6)
FNDA:0,(anonymous_7)
FNDA:0,useAuth
DA:18,0
DA:25,0
DA:26,0
DA:27,0
DA:28,0
DA:29,0
DA:30,0
DA:31,0
DA:34,0
DA:35,0
DA:36,0
DA:37,0
DA:39,0
DA:40,0
DA:41,0
DA:45,0
DA:51,0
DA:53,0
DA:54,0
DA:56,0
DA:62,0
DA:65,0
DA:70,0
DA:72,0
DA:73,0
DA:74,0
DA:75,0
DA:76,0
DA:77,0
DA:78,0
DA:79,0
DA:80,0
DA:81,0
DA:82,0
DA:86,0
DA:87,0
DA:88,0
DA:89,0
DA:90,0
DA:93,0
DA:94,0
DA:95,0
DA:96,0
DA:97,0
DA:101,0
DA:102,0
DA:103,0
DA:104,0
DA:105,0
DA:106,0
DA:108,0
DA:113,0
DA:114,0
DA:118,0
DA:119,0
DA:121,0
DA:122,0
DA:131,0
DA:132,0
DA:134,0
DA:139,0
DA:140,0
DA:142,0
DA:144,0
DA:145,0
DA:146,0
DA:147,0
DA:148,0
DA:149,0
DA:150,0
DA:151,0
DA:156,0
DA:157,0
DA:158,0
DA:163,0
DA:175,0
DA:179,0
DA:180,0
DA:181,0
DA:183,0
LF:80
LH:0
BRDA:39,0,0,0
BRDA:39,0,1,0
BRDA:45,1,0,0
BRDA:45,1,1,0
BRDA:53,2,0,0
BRDA:53,2,1,0
BRDA:70,3,0,0
BRDA:70,3,1,0
BRDA:72,4,0,0
BRDA:72,4,1,0
BRDA:77,5,0,0
BRDA:77,5,1,0
BRDA:86,6,0,0
BRDA:86,6,1,0
BRDA:119,7,0,0
BRDA:119,7,1,0
BRDA:144,8,0,0
BRDA:144,8,1,0
BRDA:146,9,0,0
BRDA:146,9,1,0
BRDA:150,10,0,0
BRDA:150,10,1,0
BRDA:157,11,0,0
BRDA:157,11,1,0
BRDA:157,12,0,0
BRDA:157,12,1,0
BRDA:180,13,0,0
BRDA:180,13,1,0
BRF:28
BRH:0
end_of_record
TN:
SF:src\hooks\use-mobile.tsx
FN:5,useIsMobile
FN:8,(anonymous_1)
FN:10,(anonymous_2)
FN:15,(anonymous_3)
FNF:4
FNH:0
FNDA:0,useIsMobile
FNDA:0,(anonymous_1)
FNDA:0,(anonymous_2)
FNDA:0,(anonymous_3)
DA:3,0
DA:6,0
DA:8,0
DA:9,0
DA:10,0
DA:11,0
DA:13,0
DA:14,0
DA:15,0
DA:18,0
LF:10
LH:0
BRF:0
BRH:0
end_of_record
TN:
SF:src\hooks\use-toast.ts
FN:24,genId
FN:55,(anonymous_1)
FN:60,(anonymous_2)
FN:71,(anonymous_3)
FN:82,(anonymous_4)
FN:93,(anonymous_5)
FN:100,(anonymous_6)
FN:119,(anonymous_7)
FN:128,dispatch
FN:130,(anonymous_9)
FN:137,toast
FN:140,(anonymous_11)
FN:145,(anonymous_12)
FN:153,(anonymous_13)
FN:166,useToast
FN:169,(anonymous_15)
FN:171,(anonymous_16)
FN:182,(anonymous_17)
FNF:18
FNH:0
FNDA:0,genId
FNDA:0,(anonymous_1)
FNDA:0,(anonymous_2)
FNDA:0,(anonymous_3)
FNDA:0,(anonymous_4)
FNDA:0,(anonymous_5)
FNDA:0,(anonymous_6)
FNDA:0,(anonymous_7)
FNDA:0,dispatch
FNDA:0,(anonymous_9)
FNDA:0,toast
FNDA:0,(anonymous_11)
FNDA:0,(anonymous_12)
FNDA:0,(anonymous_13)
FNDA:0,useToast
FNDA:0,(anonymous_15)
FNDA:0,(anonymous_16)
FNDA:0,(anonymous_17)
DA:5,0
DA:6,0
DA:15,0
DA:22,0
DA:25,0
DA:26,0
DA:53,0
DA:55,0
DA:56,0
DA:57,0
DA:60,0
DA:61,0
DA:62,0
DA:68,0
DA:71,0
DA:72,0
DA:74,0
DA:80,0
DA:82,0
DA:86,0
DA:90,0
DA:91,0
DA:93,0
DA:94,0
DA:98,0
DA:101,0
DA:111,0
DA:112,0
DA:117,0
DA:119,0
DA:124,0
DA:126,0
DA:129,0
DA:130,0
DA:131,0
DA:138,0
DA:140,0
DA:141,0
DA:145,0
DA:147,0
DA:154,0
DA:159,0
DA:167,0
DA:169,0
DA:170,0
DA:171,0
DA:172,0
DA:173,0
DA:174,0
DA:179,0
DA:182,0
LF:51
LH:0
BRDA:56,0,0,0
BRDA:56,0,1,0
BRDA:72,1,0,0
BRDA:72,1,1,0
BRDA:72,1,2,0
BRDA:72,1,3,0
BRDA:82,2,0,0
BRDA:82,2,1,0
BRDA:90,3,0,0
BRDA:90,3,1,0
BRDA:101,4,0,0
BRDA:101,4,1,0
BRDA:101,5,0,0
BRDA:101,5,1,0
BRDA:111,6,0,0
BRDA:111,6,1,0
BRDA:154,7,0,0
BRDA:154,7,1,0
BRDA:173,8,0,0
BRDA:173,8,1,0
BRF:20
BRH:0
end_of_record
TN:
SF:src\i18n\index.ts
FN:41,(anonymous_0)
FN:46,(anonymous_1)
FN:51,(anonymous_2)
FNF:3
FNH:0
FNDA:0,(anonymous_0)
FNDA:0,(anonymous_1)
FNDA:0,(anonymous_2)
DA:11,0
DA:41,0
DA:42,0
DA:46,0
DA:47,0
DA:51,0
DA:52,0
LF:7
LH:0
BRDA:47,0,0,0
BRDA:47,0,1,0
BRF:2
BRH:0
end_of_record
TN:
SF:src\lib\analytics.ts
FN:58,fetchAnalyticsSummary
FN:113,(anonymous_1)
FN:115,(anonymous_2)
FN:194,fetchReviewsOverTime
FN:223,(anonymous_4)
FN:228,(anonymous_5)
FN:234,(anonymous_6)
FN:241,fetchRatingDistribution
FN:266,(anonymous_8)
FN:277,fetchOutletPerformance
FN:319,(anonymous_10)
FN:337,(anonymous_11)
FN:341,fetchSentimentAnalysis
FN:369,(anonymous_13)
FN:388,fetchIncentivePerformance
FN:457,(anonymous_15)
FN:461,fetchCustomerEngagement
FN:484,(anonymous_17)
FN:495,(anonymous_18)
FN:507,(anonymous_19)
FN:535,exportToCSV
FN:547,(anonymous_21)
FN:548,(anonymous_22)
FNF:23
FNH:0
FNDA:0,fetchAnalyticsSummary
FNDA:0,(anonymous_1)
FNDA:0,(anonymous_2)
FNDA:0,fetchReviewsOverTime
FNDA:0,(anonymous_4)
FNDA:0,(anonymous_5)
FNDA:0,(anonymous_6)
FNDA:0,fetchRatingDistribution
FNDA:0,(anonymous_8)
FNDA:0,fetchOutletPerformance
FNDA:0,(anonymous_10)
FNDA:0,(anonymous_11)
FNDA:0,fetchSentimentAnalysis
FNDA:0,(anonymous_13)
FNDA:0,fetchIncentivePerformance
FNDA:0,(anonymous_15)
FNDA:0,fetchCustomerEngagement
FNDA:0,(anonymous_17)
FNDA:0,(anonymous_18)
FNDA:0,(anonymous_19)
FNDA:0,exportToCSV
FNDA:0,(anonymous_21)
FNDA:0,(anonymous_22)
DA:62,0
DA:63,0
DA:64,0
DA:67,0
DA:75,0
DA:77,0
DA:81,0
DA:82,0
DA:83,0
DA:85,0
DA:92,0
DA:94,0
DA:98,0
DA:107,0
DA:109,0
DA:113,0
DA:114,0
DA:115,0
DA:119,0
DA:138,0
DA:140,0
DA:144,0
DA:145,0
DA:146,0
DA:147,0
DA:148,0
DA:150,0
DA:158,0
DA:160,0
DA:164,0
DA:165,0
DA:166,0
DA:168,0
DA:169,0
DA:170,0
DA:171,0
DA:175,0
DA:176,0
DA:177,0
DA:184,0
DA:198,0
DA:199,0
DA:200,0
DA:202,0
DA:211,0
DA:213,0
DA:217,0
DA:220,0
DA:223,0
DA:224,0
DA:228,0
DA:229,0
DA:230,0
DA:234,0
DA:245,0
DA:246,0
DA:247,0
DA:249,0
DA:258,0
DA:260,0
DA:264,0
DA:266,0
DA:267,0
DA:268,0
DA:269,0
DA:273,0
DA:281,0
DA:282,0
DA:283,0
DA:286,0
DA:291,0
DA:293,0
DA:297,0
DA:299,0
DA:301,0
DA:310,0
DA:312,0
DA:316,0
DA:317,0
DA:319,0
DA:320,0
DA:321,0
DA:322,0
DA:326,0
DA:328,0
DA:337,0
DA:345,0
DA:346,0
DA:347,0
DA:351,0
DA:360,0
DA:362,0
DA:365,0
DA:366,0
DA:367,0
DA:369,0
DA:370,0
DA:371,0
DA:372,0
DA:373,0
DA:374,0
DA:376,0
DA:380,0
DA:392,0
DA:393,0
DA:394,0
DA:397,0
DA:402,0
DA:404,0
DA:408,0
DA:410,0
DA:412,0
DA:420,0
DA:422,0
DA:426,0
DA:435,0
DA:437,0
DA:441,0
DA:442,0
DA:443,0
DA:447,0
DA:457,0
DA:465,0
DA:466,0
DA:467,0
DA:470,0
DA:478,0
DA:480,0
DA:484,0
DA:487,0
DA:488,0
DA:491,0
DA:493,0
DA:495,0
DA:496,0
DA:497,0
DA:501,0
DA:502,0
DA:505,0
DA:507,0
DA:508,0
DA:511,0
DA:512,0
DA:515,0
DA:516,0
DA:518,0
DA:519,0
DA:524,0
DA:531,0
DA:536,0
DA:538,0
DA:542,0
DA:545,0
DA:548,0
DA:550,0
DA:551,0
DA:557,0
DA:560,0
DA:561,0
DA:564,0
DA:565,0
DA:566,0
DA:567,0
DA:570,0
DA:571,0
LF:165
LH:0
BRDA:60,0,0,0
BRDA:75,1,0,0
BRDA:75,1,1,0
BRDA:92,2,0,0
BRDA:92,2,1,0
BRDA:107,3,0,0
BRDA:107,3,1,0
BRDA:114,4,0,0
BRDA:114,4,1,0
BRDA:115,5,0,0
BRDA:115,5,1,0
BRDA:138,6,0,0
BRDA:138,6,1,0
BRDA:158,7,0,0
BRDA:158,7,1,0
BRDA:168,8,0,0
BRDA:168,8,1,0
BRDA:170,9,0,0
BRDA:170,9,1,0
BRDA:176,10,0,0
BRDA:176,10,1,0
BRDA:176,11,0,0
BRDA:176,11,1,0
BRDA:178,12,0,0
BRDA:178,12,1,0
BRDA:179,13,0,0
BRDA:179,13,1,0
BRDA:196,14,0,0
BRDA:211,15,0,0
BRDA:211,15,1,0
BRDA:230,16,0,0
BRDA:230,16,1,0
BRDA:243,17,0,0
BRDA:258,18,0,0
BRDA:258,18,1,0
BRDA:268,19,0,0
BRDA:268,19,1,0
BRDA:268,20,0,0
BRDA:268,20,1,0
BRDA:279,21,0,0
BRDA:291,22,0,0
BRDA:291,22,1,0
BRDA:310,23,0,0
BRDA:310,23,1,0
BRDA:320,24,0,0
BRDA:320,24,1,0
BRDA:326,25,0,0
BRDA:326,25,1,0
BRDA:343,26,0,0
BRDA:360,27,0,0
BRDA:360,27,1,0
BRDA:370,28,0,0
BRDA:370,28,1,0
BRDA:371,29,0,0
BRDA:371,29,1,0
BRDA:373,30,0,0
BRDA:373,30,1,0
BRDA:390,31,0,0
BRDA:402,32,0,0
BRDA:402,32,1,0
BRDA:420,33,0,0
BRDA:420,33,1,0
BRDA:435,34,0,0
BRDA:435,34,1,0
BRDA:443,35,0,0
BRDA:443,35,1,0
BRDA:463,36,0,0
BRDA:478,37,0,0
BRDA:478,37,1,0
BRDA:511,38,0,0
BRDA:511,38,1,0
BRDA:515,39,0,0
BRDA:515,39,1,0
BRDA:536,40,0,0
BRDA:536,40,1,0
BRDA:550,41,0,0
BRDA:550,41,1,0
BRDA:550,42,0,0
BRDA:550,42,1,0
BRDA:551,43,0,0
BRDA:551,43,1,0
BRF:81
BRH:0
end_of_record
TN:
SF:src\lib\api-client.ts
FN:3,sendVerificationEmail
FN:11,(anonymous_1)
FN:29,verifyUser
FNF:3
FNH:0
FNDA:0,sendVerificationEmail
FNDA:0,(anonymous_1)
FNDA:0,verifyUser
DA:4,0
DA:5,0
DA:11,0
DA:17,0
DA:18,0
DA:19,0
DA:22,0
DA:24,0
DA:25,0
DA:30,0
DA:32,0
DA:37,0
DA:38,0
DA:41,0
DA:43,0
DA:44,0
LF:16
LH:0
BRDA:17,0,0,0
BRDA:17,0,1,0
BRDA:19,1,0,0
BRDA:19,1,1,0
BRDA:37,2,0,0
BRDA:37,2,1,0
BRF:6
BRH:0
end_of_record
TN:
SF:src\lib\api.ts
FN:43,(anonymous_0)
FN:56,(anonymous_1)
FN:70,(anonymous_2)
FN:81,(anonymous_3)
FN:109,(anonymous_4)
FN:130,(anonymous_5)
FN:144,(anonymous_6)
FN:169,(anonymous_7)
FN:184,(anonymous_8)
FN:215,(anonymous_9)
FN:229,(anonymous_10)
FN:256,(anonymous_11)
FNF:12
FNH:0
FNDA:0,(anonymous_0)
FNDA:0,(anonymous_1)
FNDA:0,(anonymous_2)
FNDA:0,(anonymous_3)
FNDA:0,(anonymous_4)
FNDA:0,(anonymous_5)
FNDA:0,(anonymous_6)
FNDA:0,(anonymous_7)
FNDA:0,(anonymous_8)
FNDA:0,(anonymous_9)
FNDA:0,(anonymous_10)
FNDA:0,(anonymous_11)
DA:43,0
DA:44,0
DA:45,0
DA:55,0
DA:56,0
DA:57,0
DA:60,0
DA:62,0
DA:63,0
DA:70,0
DA:71,0
DA:72,0
DA:80,0
DA:81,0
DA:82,0
DA:85,0
DA:87,0
DA:88,0
DA:109,0
DA:115,0
DA:116,0
DA:129,0
DA:130,0
DA:131,0
DA:134,0
DA:136,0
DA:137,0
DA:144,0
DA:152,0
DA:153,0
DA:168,0
DA:169,0
DA:170,0
DA:173,0
DA:174,0
DA:176,0
DA:177,0
DA:184,0
DA:195,0
DA:196,0
DA:214,0
DA:215,0
DA:216,0
DA:219,0
DA:221,0
DA:222,0
DA:229,0
DA:241,0
DA:242,0
DA:255,0
DA:256,0
DA:257,0
DA:260,0
DA:262,0
DA:263,0
LF:55
LH:0
BRDA:55,0,0,0
BRDA:55,0,1,0
BRDA:80,1,0,0
BRDA:80,1,1,0
BRDA:111,2,0,0
BRDA:112,3,0,0
BRDA:129,4,0,0
BRDA:129,4,1,0
BRDA:168,5,0,0
BRDA:168,5,1,0
BRDA:214,6,0,0
BRDA:214,6,1,0
BRDA:255,7,0,0
BRDA:255,7,1,0
BRF:14
BRH:0
end_of_record
TN:
SF:src\lib\auth-enhanced.ts
FN:69,signInWithEmail
FN:213,signUpWithEmail
FN:337,signOut
FN:369,resetPassword
FN:432,updatePassword
FN:495,getCurrentUser
FN:529,getMerchantProfile
FN:558,validateToken
FN:603,checkRateLimit
FN:658,recordFailedAttempt
FN:696,recordLoginHistory
FN:718,validatePasswordStrength
FNF:12
FNH:0
FNDA:0,signInWithEmail
FNDA:0,signUpWithEmail
FNDA:0,signOut
FNDA:0,resetPassword
FNDA:0,updatePassword
FNDA:0,getCurrentUser
FNDA:0,getMerchantProfile
FNDA:0,validateToken
FNDA:0,checkRateLimit
FNDA:0,recordFailedAttempt
FNDA:0,recordLoginHistory
FNDA:0,validatePasswordStrength
DA:74,0
DA:76,0
DA:77,0
DA:78,0
DA:88,0
DA:95,0
DA:96,0
DA:102,0
DA:112,0
DA:118,0
DA:119,0
DA:126,0
DA:128,0
DA:132,0
DA:133,0
DA:136,0
DA:138,0
DA:139,0
DA:147,0
DA:153,0
DA:156,0
DA:157,0
DA:167,0
DA:174,0
DA:177,0
DA:184,0
DA:195,0
DA:200,0
DA:218,0
DA:220,0
DA:221,0
DA:222,0
DA:232,0
DA:233,0
DA:240,0
DA:241,0
DA:246,0
DA:256,0
DA:268,0
DA:269,0
DA:275,0
DA:279,0
DA:280,0
DA:281,0
DA:291,0
DA:292,0
DA:298,0
DA:305,0
DA:312,0
DA:317,0
DA:319,0
DA:324,0
DA:338,0
DA:340,0
DA:341,0
DA:343,0
DA:345,0
DA:346,0
DA:350,0
DA:353,0
DA:354,0
DA:359,0
DA:370,0
DA:372,0
DA:373,0
DA:380,0
DA:381,0
DA:386,0
DA:395,0
DA:397,0
DA:398,0
DA:404,0
DA:407,0
DA:412,0
DA:414,0
DA:419,0
DA:433,0
DA:435,0
DA:436,0
DA:437,0
DA:447,0
DA:448,0
DA:449,0
DA:455,0
DA:459,0
DA:460,0
DA:465,0
DA:468,0
DA:472,0
DA:474,0
DA:475,0
DA:477,0
DA:482,0
DA:496,0
DA:498,0
DA:499,0
DA:500,0
DA:503,0
DA:505,0
DA:506,0
DA:509,0
DA:511,0
DA:516,0
DA:530,0
DA:531,0
DA:537,0
DA:538,0
DA:542,0
DA:545,0
DA:547,0
DA:551,0
DA:559,0
DA:560,0
DA:562,0
DA:564,0
DA:566,0
DA:567,0
DA:570,0
DA:573,0
DA:574,0
DA:578,0
DA:579,0
DA:580,0
DA:583,0
DA:585,0
DA:590,0
DA:604,0
DA:605,0
DA:607,0
DA:609,0
DA:616,0
DA:617,0
DA:620,0
DA:621,0
DA:622,0
DA:625,0
DA:626,0
DA:636,0
DA:637,0
DA:638,0
DA:639,0
DA:642,0
DA:645,0
DA:651,0
DA:659,0
DA:661,0
DA:667,0
DA:669,0
DA:675,0
DA:677,0
DA:683,0
DA:686,0
DA:697,0
DA:698,0
DA:708,0
DA:719,0
DA:721,0
DA:722,0
DA:725,0
DA:726,0
DA:729,0
DA:730,0
DA:733,0
DA:734,0
DA:737,0
DA:738,0
DA:741,0
LF:167
LH:0
BRDA:72,0,0,0
BRDA:77,1,0,0
BRDA:77,1,1,0
BRDA:95,2,0,0
BRDA:95,2,1,0
BRDA:118,3,0,0
BRDA:118,3,1,0
BRDA:138,4,0,0
BRDA:138,4,1,0
BRDA:147,5,0,0
BRDA:147,5,1,0
BRDA:147,6,0,0
BRDA:147,6,1,0
BRDA:156,7,0,0
BRDA:156,7,1,0
BRDA:170,8,0,0
BRDA:170,8,1,0
BRDA:180,9,0,0
BRDA:180,9,1,0
BRDA:196,10,0,0
BRDA:196,10,1,0
BRDA:216,11,0,0
BRDA:221,12,0,0
BRDA:221,12,1,0
BRDA:240,13,0,0
BRDA:240,13,1,0
BRDA:261,14,0,0
BRDA:261,14,1,0
BRDA:262,15,0,0
BRDA:262,15,1,0
BRDA:263,16,0,0
BRDA:263,16,1,0
BRDA:268,17,0,0
BRDA:268,17,1,0
BRDA:279,18,0,0
BRDA:279,18,1,0
BRDA:285,19,0,0
BRDA:285,19,1,0
BRDA:286,20,0,0
BRDA:286,20,1,0
BRDA:286,21,0,0
BRDA:286,21,1,0
BRDA:291,22,0,0
BRDA:291,22,1,0
BRDA:306,23,0,0
BRDA:306,23,1,0
BRDA:320,24,0,0
BRDA:320,24,1,0
BRDA:345,25,0,0
BRDA:345,25,1,0
BRDA:353,26,0,0
BRDA:353,26,1,0
BRDA:360,27,0,0
BRDA:360,27,1,0
BRDA:380,28,0,0
BRDA:380,28,1,0
BRDA:397,29,0,0
BRDA:397,29,1,0
BRDA:415,30,0,0
BRDA:415,30,1,0
BRDA:436,31,0,0
BRDA:436,31,1,0
BRDA:448,32,0,0
BRDA:448,32,1,0
BRDA:459,33,0,0
BRDA:459,33,1,0
BRDA:478,34,0,0
BRDA:478,34,1,0
BRDA:499,35,0,0
BRDA:499,35,1,0
BRDA:500,36,0,0
BRDA:500,36,1,0
BRDA:505,37,0,0
BRDA:505,37,1,0
BRDA:512,38,0,0
BRDA:512,38,1,0
BRDA:537,39,0,0
BRDA:537,39,1,0
BRDA:537,40,0,0
BRDA:537,40,1,0
BRDA:540,41,0,0
BRDA:540,41,1,0
BRDA:548,42,0,0
BRDA:548,42,1,0
BRDA:562,43,0,0
BRDA:562,43,1,0
BRDA:566,44,0,0
BRDA:566,44,1,0
BRDA:573,45,0,0
BRDA:573,45,1,0
BRDA:579,46,0,0
BRDA:579,46,1,0
BRDA:579,47,0,0
BRDA:579,47,1,0
BRDA:586,48,0,0
[...]
FN:408,(anonymous_26)
FNF:27
FNH:0
FNDA:0,TemplatesPage
FNDA:0,(anonymous_1)
FNDA:0,(anonymous_2)
FNDA:0,(anonymous_3)
FNDA:0,(anonymous_4)
FNDA:0,(anonymous_5)
FNDA:0,(anonymous_6)
FNDA:0,(anonymous_7)
FNDA:0,(anonymous_8)
FNDA:0,(anonymous_9)
FNDA:0,(anonymous_10)
FNDA:0,(anonymous_11)
FNDA:0,(anonymous_12)
FNDA:0,(anonymous_13)
FNDA:0,(anonymous_14)
FNDA:0,(anonymous_15)
FNDA:0,(anonymous_16)
FNDA:0,(anonymous_17)
FNDA:0,(anonymous_18)
FNDA:0,(anonymous_19)
FNDA:0,(anonymous_20)
FNDA:0,(anonymous_21)
FNDA:0,(anonymous_22)
FNDA:0,(anonymous_23)
FNDA:0,(anonymous_24)
FNDA:0,(anonymous_25)
FNDA:0,(anonymous_26)
DA:24,0
DA:25,0
DA:26,0
DA:27,0
DA:30,0
DA:47,0
DA:48,0
DA:54,0
DA:55,0
DA:58,0
DA:60,0
DA:61,0
DA:64,0
DA:80,0
DA:95,0
DA:106,0
DA:117,0
DA:130,0
DA:140,0
DA:167,0
DA:200,0
DA:209,0
DA:218,0
DA:227,0
DA:236,0
DA:245,0
DA:265,0
DA:281,0
DA:295,0
DA:307,0
DA:319,0
DA:331,0
DA:349,0
DA:358,0
DA:409,0
LF:35
LH:0
BRDA:79,0,0,0
BRDA:79,0,1,0
BRDA:83,1,0,0
BRDA:83,1,1,0
BRDA:95,2,0,0
BRDA:95,2,1,0
BRDA:104,3,0,0
BRDA:104,3,1,0
BRDA:108,4,0,0
BRDA:108,4,1,0
BRDA:116,5,0,0
BRDA:116,5,1,0
BRDA:120,6,0,0
BRDA:120,6,1,0
BRDA:130,7,0,0
BRDA:130,7,1,0
BRDA:138,8,0,0
BRDA:138,8,1,0
BRDA:142,9,0,0
BRDA:142,9,1,0
BRDA:339,10,0,0
BRDA:339,10,1,0
BRDA:373,11,0,0
BRDA:373,11,1,0
BRDA:393,12,0,0
BRDA:393,12,1,0
BRDA:404,13,0,0
BRDA:404,13,1,0
BRDA:409,14,0,0
BRDA:409,14,1,0
BRDA:415,15,0,0
BRDA:415,15,1,0
BRDA:436,16,0,0
BRDA:436,16,1,0
BRF:34
BRH:0
end_of_record
TN:
SF:src\pages\demo\CreateDemoAccounts.tsx
FN:19,CreateDemoAccounts
FN:35,(anonymous_1)
FN:77,(anonymous_2)
FN:96,(anonymous_3)
FN:115,(anonymous_4)
FN:118,(anonymous_5)
FN:164,(anonymous_6)
FN:184,(anonymous_7)
FN:265,(anonymous_8)
FN:285,(anonymous_9)
FNF:10
FNH:0
FNDA:0,CreateDemoAccounts
FNDA:0,(anonymous_1)
FNDA:0,(anonymous_2)
FNDA:0,(anonymous_3)
FNDA:0,(anonymous_4)
FNDA:0,(anonymous_5)
FNDA:0,(anonymous_6)
FNDA:0,(anonymous_7)
FNDA:0,(anonymous_8)
FNDA:0,(anonymous_9)
DA:20,0
DA:22,0
DA:23,0
DA:24,0
DA:25,0
DA:26,0
DA:27,0
DA:28,0
DA:29,0
DA:30,0
DA:32,0
DA:35,0
DA:36,0
DA:38,0
DA:39,0
DA:41,0
DA:42,0
DA:43,0
DA:46,0
DA:47,0
DA:59,0
DA:60,0
DA:61,0
DA:63,0
DA:64,0
DA:65,0
DA:68,0
DA:69,0
DA:70,0
DA:73,0
DA:74,0
DA:77,0
DA:78,0
DA:79,0
DA:80,0
DA:81,0
DA:82,0
DA:86,0
DA:89,0
DA:90,0
DA:92,0
DA:96,0
DA:97,0
DA:98,0
DA:99,0
DA:100,0
DA:101,0
DA:105,0
DA:108,0
DA:109,0
DA:111,0
DA:115,0
DA:116,0
DA:117,0
DA:118,0
DA:121,0
DA:123,0
DA:164,0
DA:184,0
DA:265,0
DA:285,0
LF:61
LH:0
BRDA:35,0,0,0
BRDA:41,1,0,0
BRDA:41,1,1,0
BRDA:63,2,0,0
BRDA:63,2,1,0
BRDA:65,3,0,0
BRDA:65,3,1,0
BRDA:65,3,2,0
BRDA:68,4,0,0
BRDA:68,4,1,0
BRDA:70,5,0,0
BRDA:70,5,1,0
BRDA:81,6,0,0
BRDA:81,6,1,0
BRDA:81,7,0,0
BRDA:81,7,1,0
BRDA:100,8,0,0
BRDA:100,8,1,0
BRDA:100,9,0,0
BRDA:100,9,1,0
BRDA:150,10,0,0
BRDA:150,10,1,0
BRDA:166,11,0,0
BRDA:166,11,1,0
BRDA:186,12,0,0
BRDA:186,12,1,0
BRDA:199,13,0,0
BRDA:199,13,1,0
BRDA:214,14,0,0
BRDA:214,14,1,0
BRDA:220,15,0,0
BRDA:220,15,1,0
BRDA:251,16,0,0
BRDA:251,16,1,0
BRDA:267,17,0,0
BRDA:267,17,1,0
BRDA:287,18,0,0
BRDA:287,18,1,0
BRDA:300,19,0,0
BRDA:300,19,1,0
BRDA:315,20,0,0
BRDA:315,20,1,0
BRDA:321,21,0,0
BRDA:321,21,1,0
BRF:44
BRH:0
end_of_record
TN:
SF:src\pages\demo\CreateSpecificUsers.tsx
FN:25,(anonymous_0)
FN:43,(anonymous_1)
FN:55,(anonymous_2)
FN:98,(anonymous_3)
FN:111,(anonymous_4)
FN:126,(anonymous_5)
FN:140,(anonymous_6)
FN:154,(anonymous_7)
FN:179,(anonymous_8)
FN:210,(anonymous_9)
FNF:10
FNH:0
FNDA:0,(anonymous_0)
FNDA:0,(anonymous_1)
FNDA:0,(anonymous_2)
FNDA:0,(anonymous_3)
FNDA:0,(anonymous_4)
FNDA:0,(anonymous_5)
FNDA:0,(anonymous_6)
FNDA:0,(anonymous_7)
FNDA:0,(anonymous_8)
FNDA:0,(anonymous_9)
DA:14,0
DA:25,0
DA:26,0
DA:27,0
DA:29,0
DA:41,0
DA:43,0
DA:44,0
DA:45,0
DA:46,0
DA:55,0
DA:64,0
DA:66,0
DA:75,0
DA:76,0
DA:78,0
DA:82,0
DA:99,0
DA:112,0
DA:127,0
DA:141,0
DA:155,0
DA:180,0
DA:211,0
LF:24
LH:0
BRDA:175,0,0,0
BRDA:175,0,1,0
BRDA:192,1,0,0
BRDA:192,1,1,0
BRDA:200,2,0,0
BRDA:200,2,1,0
BRF:6
BRH:0
end_of_record
TN:
SF:src\pages\demo\VerifyDemoUsers.tsx
FN:19,(anonymous_0)
FN:30,(anonymous_1)
FN:35,(anonymous_2)
FN:65,(anonymous_3)
FN:95,(anonymous_4)
FNF:5
FNH:0
FNDA:0,(anonymous_0)
FNDA:0,(anonymous_1)
FNDA:0,(anonymous_2)
FNDA:0,(anonymous_3)
FNDA:0,(anonymous_4)
DA:13,0
DA:19,0
DA:20,0
DA:21,0
DA:23,0
DA:30,0
DA:31,0
DA:32,0
DA:33,0
DA:35,0
DA:37,0
DA:39,0
DA:43,0
DA:44,0
DA:46,0
DA:50,0
DA:66,0
DA:96,0
LF:18
LH:0
BRDA:77,0,0,0
BRDA:77,0,1,0
BRDA:85,1,0,0
BRDA:85,1,1,0
BRF:4
BRH:0
end_of_record
TN:
SF:src\pages\review\ReviewPage.tsx
FN:43,ReviewPage
FN:69,(anonymous_1)
FN:70,(anonymous_2)
FN:82,(anonymous_3)
FN:83,(anonymous_4)
FN:116,(anonymous_5)
FN:122,(anonymous_6)
FN:146,(anonymous_7)
FN:163,(anonymous_8)
FN:167,(anonymous_9)
FN:171,(anonymous_10)
FN:175,(anonymous_11)
FN:300,(anonymous_12)
FN:304,(anonymous_13)
FN:392,AlertTriangle
FN:413,CheckCircle
FN:433,Clock
FNF:17
FNH:0
FNDA:0,ReviewPage
FNDA:0,(anonymous_1)
FNDA:0,(anonymous_2)
FNDA:0,(anonymous_3)
FNDA:0,(anonymous_4)
FNDA:0,(anonymous_5)
FNDA:0,(anonymous_6)
FNDA:0,(anonymous_7)
FNDA:0,(anonymous_8)
FNDA:0,(anonymous_9)
FNDA:0,(anonymous_10)
FNDA:0,(anonymous_11)
FNDA:0,(anonymous_12)
FNDA:0,(anonymous_13)
FNDA:0,AlertTriangle
FNDA:0,CheckCircle
FNDA:0,Clock
DA:44,0
DA:45,0
DA:46,0
DA:48,0
DA:49,0
DA:50,0
DA:51,0
DA:52,0
DA:56,0
DA:57,0
DA:58,0
DA:61,0
DA:62,0
DA:63,0
DA:64,0
DA:66,0
DA:69,0
DA:70,0
DA:71,0
DA:72,0
DA:73,0
DA:75,0
DA:79,0
DA:82,0
DA:83,0
DA:84,0
DA:85,0
DA:86,0
DA:87,0
DA:90,0
DA:92,0
DA:93,0
DA:94,0
DA:95,0
DA:96,0
DA:100,0
DA:101,0
DA:105,0
DA:106,0
DA:108,0
DA:112,0
DA:116,0
DA:117,0
DA:118,0
DA:122,0
DA:123,0
DA:125,0
DA:126,0
DA:128,0
DA:129,0
DA:130,0
DA:136,0
DA:137,0
DA:139,0
DA:140,0
DA:142,0
DA:146,0
DA:147,0
DA:150,0
DA:151,0
DA:152,0
DA:155,0
DA:156,0
DA:158,0
DA:163,0
DA:164,0
DA:167,0
DA:168,0
DA:171,0
DA:172,0
DA:175,0
DA:176,0
DA:178,0
DA:179,0
DA:180,0
DA:181,0
DA:184,0
DA:186,0
DA:187,0
DA:197,0
DA:198,0
DA:200,0
DA:201,0
DA:203,0
DA:207,0
DA:208,0
DA:218,0
DA:219,0
DA:235,0
DA:236,0
DA:252,0
DA:301,0
DA:304,0
DA:393,0
DA:414,0
DA:434,0
LF:96
LH:0
BRDA:84,0,0,0
BRDA:84,0,1,0
BRDA:93,1,0,0
BRDA:93,1,1,0
BRDA:117,2,0,0
BRDA:117,2,1,0
BRDA:117,3,0,0
BRDA:117,3,1,0
BRDA:117,3,2,0
BRDA:117,3,3,0
BRDA:123,4,0,0
BRDA:123,4,1,0
BRDA:123,5,0,0
BRDA:123,5,1,0
BRDA:129,6,0,0
BRDA:129,6,1,0
BRDA:137,7,0,0
BRDA:137,7,1,0
BRDA:150,8,0,0
BRDA:150,8,1,0
BRDA:155,9,0,0
BRDA:155,9,1,0
BRDA:178,10,0,0
BRDA:178,10,1,0
BRDA:178,11,0,0
BRDA:178,11,1,0
BRDA:179,12,0,0
BRDA:179,12,1,0
BRDA:207,13,0,0
BRDA:207,13,1,0
BRDA:218,14,0,0
BRDA:218,14,1,0
BRDA:218,15,0,0
BRDA:218,15,1,0
BRDA:226,16,0,0
BRDA:226,16,1,0
BRDA:235,17,0,0
BRDA:235,17,1,0
BRDA:256,18,0,0
BRDA:256,18,1,0
BRDA:271,19,0,0
BRDA:271,19,1,0
BRDA:310,20,0,0
BRDA:310,20,1,0
BRDA:318,21,0,0
BRDA:318,21,1,0
BRDA:339,22,0,0
BRDA:339,22,1,0
BRDA:339,22,2,0
BRDA:353,23,0,0
BRDA:353,23,1,0
BRDA:353,23,2,0
BRDA:359,24,0,0
BRDA:359,24,1,0
BRDA:369,25,0,0
BRDA:369,25,1,0
BRDA:371,26,0,0
BRDA:371,26,1,0
BRF:58
BRH:0
end_of_record
TN:
SF:src\pages\settings\security\MFASetupPage.tsx
FN:15,MFASetupPage
FN:28,(anonymous_1)
FN:29,(anonymous_2)
FN:63,(anonymous_3)
FN:97,(anonymous_4)
FN:182,(anonymous_5)
FNF:6
FNH:0
FNDA:0,MFASetupPage
FNDA:0,(anonymous_1)
FNDA:0,(anonymous_2)
FNDA:0,(anonymous_3)
FNDA:0,(anonymous_4)
FNDA:0,(anonymous_5)
DA:16,0
DA:17,0
DA:18,0
DA:19,0
DA:20,0
DA:21,0
DA:22,0
DA:23,0
DA:24,0
DA:25,0
DA:26,0
DA:28,0
DA:29,0
DA:30,0
DA:31,0
DA:32,0
DA:35,0
DA:37,0
DA:38,0
DA:39,0
DA:40,0
DA:41,0
DA:45,0
DA:46,0
DA:49,0
DA:50,0
DA:51,0
DA:52,0
DA:54,0
DA:55,0
DA:56,0
DA:60,0
DA:63,0
DA:64,0
DA:65,0
DA:66,0
DA:68,0
DA:69,0
DA:70,0
DA:73,0
DA:74,0
DA:78,0
DA:80,0
DA:81,0
DA:85,0
DA:86,0
DA:87,0
DA:88,0
DA:90,0
DA:91,0
DA:93,0
DA:97,0
DA:98,0
DA:101,0
DA:102,0
DA:116,0
DA:182,0
LF:57
LH:0
BRDA:30,0,0,0
BRDA:30,0,1,0
BRDA:38,1,0,0
BRDA:38,1,1,0
BRDA:54,2,0,0
BRDA:54,2,1,0
BRDA:69,3,0,0
BRDA:69,3,1,0
BRDA:73,4,0,0
BRDA:73,4,1,0
BRDA:80,5,0,0
BRDA:80,5,1,0
BRDA:90,6,0,0
BRDA:90,6,1,0
BRDA:101,7,0,0
BRDA:101,7,1,0
BRDA:101,8,0,0
BRDA:101,8,1,0
BRDA:120,9,0,0
BRDA:120,9,1,0
BRDA:125,10,0,0
BRDA:125,10,1,0
BRDA:131,11,0,0
BRDA:131,11,1,0
BRDA:158,12,0,0
BRDA:158,12,1,0
BRDA:186,13,0,0
BRDA:186,13,1,0
BRDA:202,14,0,0
BRDA:202,14,1,0
BRF:30
BRH:0
end_of_record
TN:
SF:src\pages\settings\security\RecoveryCodesPage.tsx
FN:15,RecoveryCodesPage
FN:25,(anonymous_1)
FN:26,(anonymous_2)
FN:55,(anonymous_3)
FN:59,(anonymous_4)
FN:75,(anonymous_5)
FN:154,(anonymous_6)
FNF:7
FNH:0
FNDA:0,RecoveryCodesPage
FNDA:0,(anonymous_1)
FNDA:0,(anonymous_2)
FNDA:0,(anonymous_3)
FNDA:0,(anonymous_4)
FNDA:0,(anonymous_5)
FNDA:0,(anonymous_6)
DA:16,0
DA:17,0
DA:18,0
DA:19,0
DA:20,0
DA:21,0
DA:22,0
DA:23,0
DA:25,0
DA:26,0
DA:27,0
DA:28,0
DA:29,0
DA:32,0
DA:34,0
DA:35,0
DA:36,0
DA:37,0
DA:38,0
DA:42,0
DA:43,0
DA:44,0
DA:46,0
DA:47,0
DA:48,0
DA:52,0
DA:55,0
DA:56,0
DA:59,0
DA:60,0
DA:61,0
DA:63,0
DA:64,0
DA:65,0
DA:66,0
DA:68,0
DA:69,0
DA:71,0
DA:75,0
DA:76,0
DA:79,0
DA:80,0
DA:91,0
DA:154,0
LF:44
LH:0
BRDA:27,0,0,0
BRDA:27,0,1,0
BRDA:35,1,0,0
BRDA:35,1,1,0
BRDA:46,2,0,0
BRDA:46,2,1,0
BRDA:68,3,0,0
BRDA:68,3,1,0
BRDA:79,4,0,0
BRDA:79,4,1,0
BRDA:111,5,0,0
BRDA:111,5,1,0
BRDA:127,6,0,0
BRDA:127,6,1,0
BRDA:145,7,0,0
BRDA:145,7,1,0
BRDA:151,8,0,0
BRDA:151,8,1,0
BRF:18
BRH:0
end_of_record
TN:
SF:src\pages\settings\security\SecuritySettings.tsx
FN:15,SecuritySettings
FN:25,(anonymous_1)
FN:26,(anonymous_2)
FN:52,(anonymous_3)
FN:56,(anonymous_4)
FN:66,(anonymous_5)
FN:147,(anonymous_6)
FN:172,(anonymous_7)
FN:186,(anonymous_8)
FN:202,(anonymous_9)
FNF:10
FNH:0
FNDA:0,SecuritySettings
FNDA:0,(anonymous_1)
FNDA:0,(anonymous_2)
FNDA:0,(anonymous_3)
FNDA:0,(anonymous_4)
FNDA:0,(anonymous_5)
FNDA:0,(anonymous_6)
FNDA:0,(anonymous_7)
FNDA:0,(anonymous_8)
FNDA:0,(anonymous_9)
DA:16,0
DA:17,0
DA:18,0
DA:19,0
DA:20,0
DA:21,0
DA:22,0
DA:23,0
DA:25,0
DA:26,0
DA:27,0
DA:28,0
DA:29,0
DA:32,0
DA:34,0
DA:35,0
DA:38,0
DA:39,0
DA:41,0
DA:43,0
DA:44,0
DA:45,0
DA:49,0
DA:52,0
DA:53,0
DA:56,0
DA:57,0
DA:58,0
DA:59,0
DA:62,0
DA:63,0
DA:66,0
DA:67,0
DA:69,0
DA:70,0
DA:71,0
DA:72,0
DA:73,0
DA:75,0
DA:80,0
DA:81,0
DA:92,0
DA:147,0
DA:172,0
DA:186,0
DA:202,0
LF:46
LH:0
BRDA:27,0,0,0
BRDA:27,0,1,0
BRDA:57,1,0,0
BRDA:57,1,1,0
BRDA:69,2,0,0
BRDA:69,2,1,0
BRDA:80,3,0,0
BRDA:80,3,1,0
BRDA:107,4,0,0
BRDA:107,4,1,0
BRDA:107,4,2,0
BRDA:120,5,0,0
BRDA:120,5,1,0
BRDA:125,6,0,0
BRDA:125,6,1,0
BRDA:141,7,0,0
BRDA:141,7,1,0
BRDA:199,8,0,0
BRDA:199,8,1,0
BRF:19
BRH:0
end_of_record
TN:
SF:src\pages\superadmin\OrganizationManagement.tsx
FN:37,(anonymous_0)
FN:46,(anonymous_1)
FN:50,(anonymous_2)
FN:58,(anonymous_3)
FN:66,(anonymous_4)
FN:72,(anonymous_5)
FN:93,(anonymous_6)
FN:97,(anonymous_7)
FN:101,(anonymous_8)
FN:106,(anonymous_9)
FN:118,(anonymous_10)
FN:119,(anonymous_11)
FN:128,(anonymous_12)
FN:140,(anonymous_13)
FN:155,(anonymous_14)
FN:169,(anonymous_15)
FN:202,(anonymous_16)
FN:205,(anonymous_17)
FN:208,(anonymous_18)
FN:211,(anonymous_19)
FN:214,(anonymous_20)
FN:232,(anonymous_21)
FN:257,(anonymous_22)
FN:277,(anonymous_23)
FN:281,(anonymous_24)
FN:286,(anonymous_25)
FN:292,(anonymous_26)
FN:295,(anonymous_27)
FN:385,(anonymous_28)
FN:395,(anonymous_29)
FN:406,(anonymous_30)
FN:414,(anonymous_31)
FN:449,(anonymous_32)
FNF:33
FNH:0
FNDA:0,(anonymous_0)
FNDA:0,(anonymous_1)
FNDA:0,(anonymous_2)
FNDA:0,(anonymous_3)
FNDA:0,(anonymous_4)
FNDA:0,(anonymous_5)
FNDA:0,(anonymous_6)
FNDA:0,(anonymous_7)
FNDA:0,(anonymous_8)
FNDA:0,(anonymous_9)
FNDA:0,(anonymous_10)
FNDA:0,(anonymous_11)
FNDA:0,(anonymous_12)
FNDA:0,(anonymous_13)
FNDA:0,(anonymous_14)
FNDA:0,(anonymous_15)
FNDA:0,(anonymous_16)
FNDA:0,(anonymous_17)
FNDA:0,(anonymous_18)
FNDA:0,(anonymous_19)
FNDA:0,(anonymous_20)
FNDA:0,(anonymous_21)
FNDA:0,(anonymous_22)
FNDA:0,(anonymous_23)
FNDA:0,(anonymous_24)
FNDA:0,(anonymous_25)
FNDA:0,(anonymous_26)
FNDA:0,(anonymous_27)
FNDA:0,(anonymous_28)
FNDA:0,(anonymous_29)
FNDA:0,(anonymous_30)
FNDA:0,(anonymous_31)
FNDA:0,(anonymous_32)
DA:37,0
DA:38,0
DA:39,0
DA:40,0
DA:41,0
DA:42,0
DA:43,0
DA:44,0
DA:46,0
DA:47,0
DA:50,0
DA:52,0
DA:55,0
DA:56,0
DA:57,0
DA:59,0
DA:65,0
DA:66,0
DA:69,0
DA:72,0
DA:73,0
DA:74,0
DA:75,0
DA:80,0
DA:81,0
DA:84,0
DA:85,0
DA:87,0
DA:89,0
DA:93,0
DA:94,0
DA:97,0
DA:98,0
DA:101,0
DA:102,0
DA:103,0
DA:106,0
DA:107,0
DA:108,0
DA:113,0
DA:114,0
DA:118,0
DA:119,0
DA:120,0
DA:127,0
DA:128,0
DA:129,0
DA:136,0
DA:140,0
DA:141,0
DA:143,0
DA:145,0
DA:147,0
DA:149,0
DA:151,0
DA:155,0
DA:156,0
DA:157,0
DA:158,0
DA:164,0
DA:169,0
DA:202,0
DA:205,0
DA:208,0
DA:211,0
DA:214,0
DA:233,0
DA:258,0
DA:277,0
DA:281,0
DA:286,0
DA:292,0
DA:295,0
DA:385,0
DA:395,0
DA:406,0
DA:414,0
DA:449,0
LF:78
LH:0
BRDA:55,0,0,0
BRDA:55,0,1,0
BRDA:59,1,0,0
BRDA:59,1,1,0
BRDA:65,2,0,0
BRDA:65,2,1,0
BRDA:80,3,0,0
BRDA:80,3,1,0
BRDA:84,4,0,0
BRDA:84,4,1,0
BRDA:85,5,0,0
BRDA:85,5,1,0
BRDA:113,6,0,0
BRDA:113,6,1,0
BRDA:120,7,0,0
BRDA:120,7,1,0
BRDA:127,8,0,0
BRDA:127,8,1,0
BRDA:129,9,0,0
BRDA:129,9,1,0
BRDA:141,10,0,0
BRDA:141,10,1,0
BRDA:141,10,2,0
BRDA:141,10,3,0
BRDA:141,10,4,0
BRDA:156,11,0,0
BRDA:156,11,1,0
BRDA:197,12,0,0
BRDA:197,12,1,0
BRDA:226,13,0,0
BRDA:226,13,1,0
BRDA:230,14,0,0
BRDA:230,14,1,0
BRDA:256,15,0,0
BRDA:256,15,1,0
BRDA:266,16,0,0
BRDA:266,16,1,0
BRDA:280,17,0,0
BRDA:280,17,1,0
BRDA:285,18,0,0
BRDA:285,18,1,0
BRDA:290,19,0,0
BRDA:290,19,1,0
BRDA:308,20,0,0
BRDA:308,20,1,0
BRDA:308,21,0,0
BRDA:308,21,1,0
BRDA:331,22,0,0
BRDA:331,22,1,0
BRDA:362,23,0,0
BRDA:362,23,1,0
BRDA:381,24,0,0
BRDA:381,24,1,0
BRDA:391,25,0,0
BRDA:391,25,1,0
BRDA:401,26,0,0
BRDA:401,26,1,0
BRF:57
BRH:0
end_of_record
TN:
SF:src\pages\superadmin\SuperAdminPortal.tsx
FN:37,(anonymous_0)
FN:55,(anonymous_1)
FN:56,fetchDashboardData
FN:77,(anonymous_3)
FN:78,(anonymous_4)
FN:79,(anonymous_5)
FN:82,(anonymous_6)
FN:83,(anonymous_7)
FN:84,(anonymous_8)
FN:85,(anonymous_9)
FN:122,(anonymous_10)
FN:124,(anonymous_11)
FN:125,(anonymous_12)
FN:133,(anonymous_13)
FN:138,(anonymous_14)
FN:148,(anonymous_15)
FN:158,(anonymous_16)
FN:166,(anonymous_17)
FN:378,(anonymous_18)
FN:402,(anonymous_19)
FNF:20
FNH:0
FNDA:0,(anonymous_0)
FNDA:0,(anonymous_1)
FNDA:0,fetchDashboardData
FNDA:0,(anonymous_3)
FNDA:0,(anonymous_4)
FNDA:0,(anonymous_5)
FNDA:0,(anonymous_6)
FNDA:0,(anonymous_7)
FNDA:0,(anonymous_8)
FNDA:0,(anonymous_9)
FNDA:0,(anonymous_10)
FNDA:0,(anonymous_11)
FNDA:0,(anonymous_12)
FNDA:0,(anonymous_13)
FNDA:0,(anonymous_14)
FNDA:0,(anonymous_15)
FNDA:0,(anonymous_16)
FNDA:0,(anonymous_17)
FNDA:0,(anonymous_18)
FNDA:0,(anonymous_19)
DA:37,0
DA:38,0
DA:39,0
DA:40,0
DA:53,0
DA:55,0
DA:57,0
DA:58,0
DA:61,0
DA:65,0
DA:68,0
DA:74,0
DA:77,0
DA:78,0
DA:79,0
DA:82,0
DA:83,0
DA:84,0
DA:85,0
DA:88,0
DA:102,0
DA:104,0
DA:106,0
DA:110,0
DA:113,0
DA:124,0
DA:125,0
DA:133,0
DA:134,0
DA:138,0
DA:139,0
DA:140,0
DA:141,0
DA:142,0
DA:143,0
DA:144,0
DA:148,0
DA:149,0
DA:150,0
DA:151,0
DA:152,0
DA:153,0
DA:154,0
DA:158,0
DA:159,0
DA:160,0
DA:166,0
DA:167,0
DA:170,0
DA:379,0
DA:403,0
LF:51
LH:0
BRDA:65,0,0,0
BRDA:65,0,1,0
BRDA:74,1,0,0
BRDA:74,1,1,0
BRDA:77,2,0,0
BRDA:77,2,1,0
BRDA:78,3,0,0
BRDA:78,3,1,0
BRDA:79,4,0,0
BRDA:79,4,1,0
BRDA:82,5,0,0
BRDA:82,5,1,0
BRDA:83,6,0,0
BRDA:83,6,1,0
BRDA:84,7,0,0
BRDA:84,7,1,0
BRDA:85,8,0,0
BRDA:85,8,1,0
BRDA:89,9,0,0
BRDA:89,9,1,0
BRDA:102,10,0,0
BRDA:102,10,1,0
BRDA:139,11,0,0
BRDA:139,11,1,0
BRDA:139,11,2,0
BRDA:139,11,3,0
BRDA:139,11,4,0
BRDA:149,12,0,0
BRDA:149,12,1,0
BRDA:149,12,2,0
BRDA:149,12,3,0
BRDA:149,12,4,0
BRDA:200,13,0,0
BRDA:200,13,1,0
BRDA:253,14,0,0
BRDA:253,14,1,0
BRDA:307,15,0,0
BRDA:307,15,1,0
BRDA:326,16,0,0
BRDA:326,16,1,0
BRDA:340,17,0,0
BRDA:340,17,1,0
BRDA:354,18,0,0
BRDA:354,18,1,0
BRDA:376,19,0,0
BRDA:376,19,1,0
BRDA:401,20,0,0
BRDA:401,20,1,0
BRDA:411,21,0,0
BRDA:411,21,1,0
BRF:50
BRH:0
end_of_record
TN:
SF:src\pages\superadmin\SystemMonitoring.tsx
FN:52,(anonymous_0)
FN:61,(anonymous_1)
FN:73,(anonymous_2)
FN:76,(anonymous_3)
FN:81,(anonymous_4)
FN:86,(anonymous_5)
FN:200,(anonymous_6)
FN:215,(anonymous_7)
FN:219,(anonymous_8)
FN:223,(anonymous_9)
FN:238,(anonymous_10)
FN:247,(anonymous_11)
FN:249,(anonymous_12)
FN:250,(anonymous_13)
FN:252,(anonymous_14)
FN:268,(anonymous_15)
FN:305,(anonymous_16)
FN:308,(anonymous_17)
FN:311,(anonymous_18)
FN:314,(anonymous_19)
FN:317,(anonymous_20)
FN:337,(anonymous_21)
FN:362,(anonymous_22)
FN:596,(anonymous_23)
FN:614,(anonymous_24)
FN:673,(anonymous_25)
FN:699,(anonymous_26)
FNF:27
FNH:0
FNDA:0,(anonymous_0)
FNDA:0,(anonymous_1)
FNDA:0,(anonymous_2)
FNDA:0,(anonymous_3)
FNDA:0,(anonymous_4)
FNDA:0,(anonymous_5)
FNDA:0,(anonymous_6)
FNDA:0,(anonymous_7)
FNDA:0,(anonymous_8)
FNDA:0,(anonymous_9)
FNDA:0,(anonymous_10)
FNDA:0,(anonymous_11)
FNDA:0,(anonymous_12)
FNDA:0,(anonymous_13)
FNDA:0,(anonymous_14)
FNDA:0,(anonymous_15)
FNDA:0,(anonymous_16)
FNDA:0,(anonymous_17)
FNDA:0,(anonymous_18)
FNDA:0,(anonymous_19)
FNDA:0,(anonymous_20)
FNDA:0,(anonymous_21)
FNDA:0,(anonymous_22)
FNDA:0,(anonymous_23)
FNDA:0,(anonymous_24)
FNDA:0,(anonymous_25)
FNDA:0,(anonymous_26)
DA:52,0
DA:53,0
DA:54,0
DA:55,0
DA:56,0
DA:57,0
DA:58,0
DA:59,0
DA:61,0
DA:62,0
DA:65,0
DA:75,0
DA:76,0
DA:81,0
DA:82,0
DA:86,0
DA:87,0
DA:88,0
DA:90,0
DA:96,0
DA:97,0
DA:101,0
DA:104,0
DA:105,0
DA:106,0
DA:108,0
DA:117,0
DA:126,0
DA:135,0
DA:145,0
DA:148,0
DA:191,0
DA:194,0
DA:196,0
DA:200,0
DA:202,0
DA:204,0
DA:208,0
DA:209,0
DA:212,0
DA:215,0
DA:216,0
DA:219,0
DA:220,0
DA:223,0
DA:224,0
DA:226,0
DA:228,0
DA:230,0
DA:232,0
DA:234,0
DA:238,0
DA:239,0
DA:240,0
DA:247,0
DA:248,0
DA:249,0
DA:250,0
DA:252,0
DA:258,0
DA:259,0
DA:260,0
DA:261,0
DA:263,0
DA:268,0
DA:305,0
DA:308,0
DA:311,0
DA:314,0
DA:317,0
DA:338,0
DA:363,0
DA:597,0
DA:615,0
DA:673,0
DA:699,0
LF:76
LH:0
BRDA:96,0,0,0
BRDA:96,0,1,0
BRDA:97,1,0,0
BRDA:97,1,1,0
BRDA:202,2,0,0
BRDA:202,2,1,0
BRDA:202,3,0,0
BRDA:202,3,1,0
BRDA:202,3,2,0
BRDA:208,4,0,0
BRDA:208,4,1,0
BRDA:208,5,0,0
BRDA:208,5,1,0
BRDA:224,6,0,0
BRDA:224,6,1,0
BRDA:224,6,2,0
BRDA:224,6,3,0
BRDA:224,6,4,0
BRDA:301,7,0,0
BRDA:301,7,1,0
BRDA:331,8,0,0
BRDA:331,8,1,0
BRDA:335,9,0,0
BRDA:335,9,1,0
BRDA:361,10,0,0
BRDA:361,10,1,0
BRDA:368,11,0,0
BRDA:368,11,1,0
BRDA:369,12,0,0
BRDA:369,12,1,0
BRDA:375,13,0,0
BRDA:375,13,1,0
BRDA:375,14,0,0
BRDA:375,14,1,0
BRDA:401,15,0,0
BRDA:401,15,1,0
BRDA:429,16,0,0
BRDA:429,16,1,0
BRDA:457,17,0,0
BRDA:457,17,1,0
BRDA:485,18,0,0
BRDA:485,18,1,0
BRDA:594,19,0,0
BRDA:594,19,1,0
BRDA:619,20,0,0
BRDA:619,20,1,0
BRDA:621,21,0,0
BRDA:621,21,1,0
BRDA:623,22,0,0
BRDA:623,22,1,0
BRDA:641,23,0,0
BRDA:641,23,1,0
BRDA:643,24,0,0
BRDA:643,24,1,0
BRDA:668,25,0,0
BRDA:668,25,1,0
BRDA:674,26,0,0
BRDA:674,26,1,0
BRDA:694,27,0,0
BRDA:694,27,1,0
BRDA:700,28,0,0
BRDA:700,28,1,0
BRF:62
BRH:0
end_of_record
TN:
SF:src\router\AppRoutes.tsx
FN:7,(anonymous_0)
FN:8,(anonymous_1)
FN:9,(anonymous_2)
FN:10,(anonymous_3)
FN:13,(anonymous_4)
FN:14,(anonymous_5)
FN:17,(anonymous_6)
FN:18,(anonymous_7)
FN:19,(anonymous_8)
FN:20,(anonymous_9)
FN:21,(anonymous_10)
FN:22,(anonymous_11)
FN:25,(anonymous_12)
FN:26,(anonymous_13)
FN:27,(anonymous_14)
FN:28,(anonymous_15)
FN:29,(anonymous_16)
FN:32,(anonymous_17)
FN:33,(anonymous_18)
FN:34,(anonymous_19)
FN:42,ProtectedRoute
FN:67,AppRoutes
FNF:22
FNH:0
FNDA:0,(anonymous_0)
FNDA:0,(anonymous_1)
FNDA:0,(anonymous_2)
FNDA:0,(anonymous_3)
FNDA:0,(anonymous_4)
FNDA:0,(anonymous_5)
FNDA:0,(anonymous_6)
FNDA:0,(anonymous_7)
FNDA:0,(anonymous_8)
FNDA:0,(anonymous_9)
FNDA:0,(anonymous_10)
FNDA:0,(anonymous_11)
FNDA:0,(anonymous_12)
FNDA:0,(anonymous_13)
FNDA:0,(anonymous_14)
FNDA:0,(anonymous_15)
FNDA:0,(anonymous_16)
FNDA:0,(anonymous_17)
FNDA:0,(anonymous_18)
FNDA:0,(anonymous_19)
FNDA:0,ProtectedRoute
FNDA:0,AppRoutes
DA:7,0
DA:8,0
DA:9,0
DA:10,0
DA:13,0
DA:14,0
DA:17,0
DA:18,0
DA:19,0
DA:20,0
DA:21,0
DA:22,0
DA:25,0
DA:26,0
DA:27,0
DA:28,0
DA:29,0
DA:32,0
DA:33,0
DA:34,0
DA:43,0
DA:45,0
DA:46,0
DA:49,0
DA:50,0
DA:54,0
DA:56,0
DA:57,0
DA:58,0
DA:59,0
DA:61,0
DA:64,0
DA:68,0
LF:33
LH:0
BRDA:45,0,0,0
BRDA:45,0,1,0
BRDA:49,1,0,0
BRDA:49,1,1,0
BRDA:54,2,0,0
BRDA:54,2,1,0
BRDA:54,3,0,0
BRDA:54,3,1,0
BRDA:54,3,2,0
BRDA:56,4,0,0
BRDA:56,4,1,0
BRDA:58,5,0,0
BRDA:58,5,1,0
BRF:13
BRH:0
end_of_record
